Using pre-set license
Built from '2021.3/staging' branch; Version is '2021.3.7f1 (24e8595d6d43) revision 2418777'; Using compiler version '192829333'; Build Type 'Release'
OS: 'Windows 10  (10.0.19044) 64bit Professional' Language: 'ru' Physical Memory: 4087 MB
BatchMode: 1, IsHumanControllingUs: 0, StartBugReporterOnCrash: 0, Is64bit: 1, IsPro: 1

COMMAND LINE ARGUMENTS:
C:\Program Files\Unity\Hub\Editor\2021.3.7f1\Editor\Unity.exe
-adb2
-batchMode
-noUpm
-name
AssetImportWorker0
-projectPath
C:/Users/ykpon/Desktop/Unity/Fly-out/Fly out
-logFile
Logs/AssetImportWorker0.log
-srvPort
55349
Successfully changed project path to: C:/Users/ykpon/Desktop/Unity/Fly-out/Fly out
C:/Users/ykpon/Desktop/Unity/Fly-out/Fly out
[UnityMemory] Configuration Parameters - Can be set up in boot.config
    "memorysetup-bucket-allocator-granularity=16"
    "memorysetup-bucket-allocator-bucket-count=8"
    "memorysetup-bucket-allocator-block-size=33554432"
    "memorysetup-bucket-allocator-block-count=8"
    "memorysetup-main-allocator-block-size=16777216"
    "memorysetup-thread-allocator-block-size=16777216"
    "memorysetup-gfx-main-allocator-block-size=16777216"
    "memorysetup-gfx-thread-allocator-block-size=16777216"
    "memorysetup-cache-allocator-block-size=4194304"
    "memorysetup-typetree-allocator-block-size=2097152"
    "memorysetup-profiler-bucket-allocator-granularity=16"
    "memorysetup-profiler-bucket-allocator-bucket-count=8"
    "memorysetup-profiler-bucket-allocator-block-size=33554432"
    "memorysetup-profiler-bucket-allocator-block-count=8"
    "memorysetup-profiler-allocator-block-size=16777216"
    "memorysetup-profiler-editor-allocator-block-size=1048576"
    "memorysetup-temp-allocator-size-main=16777216"
    "memorysetup-job-temp-allocator-block-size=2097152"
    "memorysetup-job-temp-allocator-block-size-background=1048576"
    "memorysetup-job-temp-allocator-reduction-small-platforms=262144"
    "memorysetup-temp-allocator-size-background-worker=32768"
    "memorysetup-temp-allocator-size-job-worker=262144"
    "memorysetup-temp-allocator-size-preload-manager=33554432"
    "memorysetup-temp-allocator-size-nav-mesh-worker=65536"
    "memorysetup-temp-allocator-size-audio-worker=65536"
    "memorysetup-temp-allocator-size-cloud-worker=32768"
    "memorysetup-temp-allocator-size-gi-baking-worker=262144"
    "memorysetup-temp-allocator-size-gfx=262144"
Refreshing native plugins compatible for Editor in 299.17 ms, found 3 plugins.
Preloading 0 native plugins for Editor in 0.00 ms.
Initialize engine version: 2021.3.7f1 (24e8595d6d43)
[Subsystems] Discovering subsystems at path C:/Program Files/Unity/Hub/Editor/2021.3.7f1/Editor/Data/Resources/UnitySubsystems
[Subsystems] Discovering subsystems at path C:/Users/ykpon/Desktop/Unity/Fly-out/Fly out/Assets
GfxDevice: creating device client; threaded=0; jobified=0
Direct3D:
    Version:  Direct3D 11.0 [level 11.0]
    Renderer: NVIDIA GeForce GTS 450 (ID=0x1245)
    Vendor:   NVIDIA
    VRAM:     979 MB
    Driver:   23.21.13.8813
Shader 'RealCar/RealCarGlass': fallback shader 'Transparent' not found
Initialize mono
Mono path[0] = 'C:/Program Files/Unity/Hub/Editor/2021.3.7f1/Editor/Data/Managed'
Mono path[1] = 'C:/Program Files/Unity/Hub/Editor/2021.3.7f1/Editor/Data/MonoBleedingEdge/lib/mono/unityjit-win32'
Mono config path = 'C:/Program Files/Unity/Hub/Editor/2021.3.7f1/Editor/Data/MonoBleedingEdge/etc'
Using monoOptions --debugger-agent=transport=dt_socket,embedding=1,server=y,suspend=n,address=127.0.0.1:56220
Begin MonoManager ReloadAssembly
Registering precompiled unity dll's ...
Register platform support module: C:/Program Files/Unity/Hub/Editor/2021.3.7f1/Editor/Data/PlaybackEngines/WebGLSupport/UnityEditor.WebGL.Extensions.dll
Register platform support module: C:/Program Files/Unity/Hub/Editor/2021.3.7f1/Editor/Data/PlaybackEngines/AndroidPlayer/UnityEditor.Android.Extensions.dll
Register platform support module: C:/Program Files/Unity/Hub/Editor/2021.3.7f1/Editor/Data/PlaybackEngines/WindowsStandaloneSupport/UnityEditor.WindowsStandalone.Extensions.dll
Registered in 0.032201 seconds.
Native extension for WindowsStandalone target not found
Native extension for Android target not found
Native extension for WebGL target not found
Refreshing native plugins compatible for Editor in 350.85 ms, found 3 plugins.
Preloading 0 native plugins for Editor in 0.00 ms.
Mono: successfully reloaded assembly
- Completed reload, in  2.853 seconds
Domain Reload Profiling:
	ReloadAssembly (2855ms)
		BeginReloadAssembly (313ms)
			ExecutionOrderSort (0ms)
			DisableScriptedObjects (0ms)
			BackupInstance (0ms)
			ReleaseScriptingObjects (0ms)
			CreateAndSetChildDomain (2ms)
		EndReloadAssembly (1963ms)
			LoadAssemblies (308ms)
			RebuildTransferFunctionScriptingTraits (0ms)
			SetupTypeCache (429ms)
			ReleaseScriptCaches (0ms)
			RebuildScriptCaches (122ms)
			SetupLoadedEditorAssemblies (1216ms)
				LogAssemblyErrors (0ms)
				InitializePlatformSupportModulesInManaged (325ms)
				SetLoadedEditorAssemblies (1ms)
				RefreshPlugins (351ms)
				BeforeProcessingInitializeOnLoad (5ms)
				ProcessInitializeOnLoadAttributes (338ms)
				ProcessInitializeOnLoadMethodAttributes (194ms)
				AfterProcessingInitializeOnLoad (0ms)
				EditorAssembliesLoaded (0ms)
			ExecutionOrderSort2 (0ms)
			AwakeInstancesAfterBackupRestoration (0ms)
Platform modules already initialized, skipping
Registering precompiled user dll's ...
Registered in 0.019932 seconds.
Begin MonoManager ReloadAssembly
Symbol file LoadedFromMemory doesn't match image C:\Users\ykpon\Desktop\Unity\Fly-out\Fly out\Library\PackageCache\com.unity.visualscripting@1.7.8\Editor\VisualScripting.Core\Dependencies\YamlDotNet\Unity.VisualScripting.YamlDotNet.dll
Symbol file LoadedFromMemory doesn't match image C:\Users\ykpon\Desktop\Unity\Fly-out\Fly out\Library\PackageCache\com.unity.visualscripting@1.7.8\Editor\VisualScripting.Core\Dependencies\DotNetZip\Unity.VisualScripting.IonicZip.dll
Native extension for WindowsStandalone target not found
Native extension for Android target not found
Native extension for WebGL target not found
Refreshing native plugins compatible for Editor in 2.53 ms, found 3 plugins.
Preloading 0 native plugins for Editor in 0.00 ms.
Mono: successfully reloaded assembly
- Completed reload, in  2.883 seconds
Domain Reload Profiling:
	ReloadAssembly (2885ms)
		BeginReloadAssembly (366ms)
			ExecutionOrderSort (0ms)
			DisableScriptedObjects (12ms)
			BackupInstance (0ms)
			ReleaseScriptingObjects (0ms)
			CreateAndSetChildDomain (157ms)
		EndReloadAssembly (2200ms)
			LoadAssemblies (197ms)
			RebuildTransferFunctionScriptingTraits (0ms)
			SetupTypeCache (614ms)
			ReleaseScriptCaches (1ms)
			RebuildScriptCaches (177ms)
			SetupLoadedEditorAssemblies (1019ms)
				LogAssemblyErrors (0ms)
				InitializePlatformSupportModulesInManaged (41ms)
				SetLoadedEditorAssemblies (1ms)
				RefreshPlugins (3ms)
				BeforeProcessingInitializeOnLoad (208ms)
				ProcessInitializeOnLoadAttributes (656ms)
				ProcessInitializeOnLoadMethodAttributes (83ms)
				AfterProcessingInitializeOnLoad (26ms)
				EditorAssembliesLoaded (1ms)
			ExecutionOrderSort2 (0ms)
			AwakeInstancesAfterBackupRestoration (17ms)
Platform modules already initialized, skipping
========================================================================
Worker process is ready to serve import requests
Shader 'RealCar/RealCarGlass': fallback shader 'Transparent' not found
Launched and connected shader compiler UnityShaderCompiler.exe after 0.17 seconds
Refreshing native plugins compatible for Editor in 1.18 ms, found 3 plugins.
Preloading 0 native plugins for Editor in 0.00 ms.
Unloading 3431 Unused Serialized files (Serialized files now loaded: 0)
Unloading 29 unused Assets / (112.2 KB). Loaded Objects now: 3892.
Memory consumption went from 124.2 MB to 124.1 MB.
Total: 7.684000 ms (FindLiveObjects: 0.889300 ms CreateObjectMapping: 0.273900 ms MarkObjects: 6.198300 ms  DeleteObjects: 0.319400 ms)

AssetImportParameters requested are different than current active one (requested -> active):
  custom:video-decoder-ogg-theora: a1e56fd34408186e4bbccfd4996cb3dc -> 
  custom:container-muxer-webm: aa71ff27fc2769a1b78a27578f13a17b -> 
  custom:container-demuxer-webm: 4f35f7cbe854078d1ac9338744f61a02 -> 
  custom:video-encoder-webm-vp8: eb34c28f22e8b96e1ab97ce403110664 -> 
  custom:audio-encoder-webm-vorbis: bf7c407c2cedff20999df2af8eb42d56 -> 
  custom:framework-win-MediaFoundation: 216162199b28c13a410421893ffa2e32 -> 
  custom:container-demuxer-ogg: 62fdf1f143b41e24485cea50d1cbac27 -> 
  custom:video-decoder-webm-vp8: 9c59270c3fd7afecdb556c50c9e8de78 -> 
  custom:audio-decoder-ogg-vorbis: bf7c407c2cedff20999df2af8eb42d56 -> 
========================================================================
Received Import Request.
  Time since last request: 29501.172355 seconds.
  path: Assets/Car/Low Poly Soviet Car Pack/Prefabs/vz02/vz02_ green.prefab
  artifactKey: Guid(b2f783f0bf9936a43ab99739f5c6aabb) Importer(815301076,1909f56bfc062723c751e8b465ee728b)
Start importing Assets/Car/Low Poly Soviet Car Pack/Prefabs/vz02/vz02_ green.prefab using Guid(b2f783f0bf9936a43ab99739f5c6aabb) Importer(815301076,1909f56bfc062723c751e8b465ee728b)  -> (artifact id: '73507758390ef3b3ead61358a4abb1d5') in 0.357710 seconds 
========================================================================
Received Import Request.
  Time since last request: 1.982649 seconds.
  path: Assets/Car/ARCADE - FREE Racing Car/Prefabs (With Colliders)/Free Racing Car Blue Variant.prefab
  artifactKey: Guid(e9be6b9d71ce20345b55b654f6eca5d9) Importer(815301076,1909f56bfc062723c751e8b465ee728b)
Start importing Assets/Car/ARCADE - FREE Racing Car/Prefabs (With Colliders)/Free Racing Car Blue Variant.prefab using Guid(e9be6b9d71ce20345b55b654f6eca5d9) Importer(815301076,1909f56bfc062723c751e8b465ee728b)  -> (artifact id: 'efb0e972b1cdcde55af52867923308f2') in 0.214290 seconds 
========================================================================
Received Import Request.
  Time since last request: 0.000048 seconds.
  path: Assets/Car/ARCADE - FREE Racing Car/Prefabs (With Colliders)/Free Racing Car Purple Variant.prefab
  artifactKey: Guid(62010132604e8c94d96b4cb4fe6d3394) Importer(815301076,1909f56bfc062723c751e8b465ee728b)
Start importing Assets/Car/ARCADE - FREE Racing Car/Prefabs (With Colliders)/Free Racing Car Purple Variant.prefab using Guid(62010132604e8c94d96b4cb4fe6d3394) Importer(815301076,1909f56bfc062723c751e8b465ee728b)  -> (artifact id: '078641e4ce7d3c9270646b3412c2d63f') in 0.128553 seconds 
========================================================================
Received Import Request.
  Time since last request: 0.000071 seconds.
  path: Assets/Car/ARCADE - FREE Racing Car/Prefabs (With Colliders)/Free Racing Car Gray Variant.prefab
  artifactKey: Guid(4d1624804e8167f479ab63c5302ff1d5) Importer(815301076,1909f56bfc062723c751e8b465ee728b)
Start importing Assets/Car/ARCADE - FREE Racing Car/Prefabs (With Colliders)/Free Racing Car Gray Variant.prefab using Guid(4d1624804e8167f479ab63c5302ff1d5) Importer(815301076,1909f56bfc062723c751e8b465ee728b)  -> (artifact id: 'd022eb603147c50665df59b2819dff95') in 0.131702 seconds 
========================================================================
Received Import Request.
  Time since last request: 0.000051 seconds.
  path: Assets/Car/ARCADE - FREE Racing Car/Prefabs (With Colliders)/Free Racing Car Red Variant.prefab
  artifactKey: Guid(8a8f57edf3523624eb9f886833e8e97a) Importer(815301076,1909f56bfc062723c751e8b465ee728b)
Start importing Assets/Car/ARCADE - FREE Racing Car/Prefabs (With Colliders)/Free Racing Car Red Variant.prefab using Guid(8a8f57edf3523624eb9f886833e8e97a) Importer(815301076,1909f56bfc062723c751e8b465ee728b)  -> (artifact id: '9fb6c3e8f76507e7bba50c71b96730f6') in 0.136193 seconds 
========================================================================
Received Import Request.
  Time since last request: 0.000128 seconds.
  path: Assets/Car/ARCADE - FREE Racing Car/Prefabs (With Colliders)/Free Racing Car.prefab
  artifactKey: Guid(133308cdb8794744caaef026bde9e1f0) Importer(815301076,1909f56bfc062723c751e8b465ee728b)
Start importing Assets/Car/ARCADE - FREE Racing Car/Prefabs (With Colliders)/Free Racing Car.prefab using Guid(133308cdb8794744caaef026bde9e1f0) Importer(815301076,1909f56bfc062723c751e8b465ee728b)  -> (artifact id: 'bf4bea6a9670dd8fe976449ed687c87b') in 0.096930 seconds 
========================================================================
Received Prepare
Registering precompiled user dll's ...
Registered in 0.016877 seconds.
Begin MonoManager ReloadAssembly
Symbol file LoadedFromMemory doesn't match image C:\Users\ykpon\Desktop\Unity\Fly-out\Fly out\Library\PackageCache\com.unity.visualscripting@1.7.8\Editor\VisualScripting.Core\Dependencies\YamlDotNet\Unity.VisualScripting.YamlDotNet.dll
Symbol file LoadedFromMemory doesn't match image C:\Users\ykpon\Desktop\Unity\Fly-out\Fly out\Library\PackageCache\com.unity.visualscripting@1.7.8\Editor\VisualScripting.Core\Dependencies\DotNetZip\Unity.VisualScripting.IonicZip.dll
Native extension for WindowsStandalone target not found
Native extension for Android target not found
Native extension for WebGL target not found
Refreshing native plugins compatible for Editor in 1.63 ms, found 3 plugins.
Preloading 0 native plugins for Editor in 0.00 ms.
Mono: successfully reloaded assembly
- Completed reload, in  3.731 seconds
Domain Reload Profiling:
	ReloadAssembly (3733ms)
		BeginReloadAssembly (540ms)
			ExecutionOrderSort (0ms)
			DisableScriptedObjects (18ms)
			BackupInstance (0ms)
			ReleaseScriptingObjects (0ms)
			CreateAndSetChildDomain (179ms)
		EndReloadAssembly (2858ms)
			LoadAssemblies (315ms)
			RebuildTransferFunctionScriptingTraits (0ms)
			SetupTypeCache (1222ms)
			ReleaseScriptCaches (2ms)
			RebuildScriptCaches (125ms)
			SetupLoadedEditorAssemblies (1126ms)
				LogAssemblyErrors (0ms)
				InitializePlatformSupportModulesInManaged (72ms)
				SetLoadedEditorAssemblies (1ms)
				RefreshPlugins (2ms)
				BeforeProcessingInitializeOnLoad (217ms)
				ProcessInitializeOnLoadAttributes (694ms)
				ProcessInitializeOnLoadMethodAttributes (109ms)
				AfterProcessingInitializeOnLoad (29ms)
				EditorAssembliesLoaded (2ms)
			ExecutionOrderSort2 (0ms)
			AwakeInstancesAfterBackupRestoration (19ms)
Platform modules already initialized, skipping
Shader 'RealCar/RealCarGlass': fallback shader 'Transparent' not found
Refreshing native plugins compatible for Editor in 5.43 ms, found 3 plugins.
Preloading 0 native plugins for Editor in 0.00 ms.
Unloading 3410 Unused Serialized files (Serialized files now loaded: 0)
Unloading 22 unused Assets / (80.1 KB). Loaded Objects now: 3901.
Memory consumption went from 127.2 MB to 127.1 MB.
Total: 8.032000 ms (FindLiveObjects: 0.838900 ms CreateObjectMapping: 0.236600 ms MarkObjects: 6.627000 ms  DeleteObjects: 0.326600 ms)

AssetImportParameters requested are different than current active one (requested -> active):
  custom:video-decoder-ogg-theora: a1e56fd34408186e4bbccfd4996cb3dc -> 
  custom:container-muxer-webm: aa71ff27fc2769a1b78a27578f13a17b -> 
  custom:container-demuxer-webm: 4f35f7cbe854078d1ac9338744f61a02 -> 
  custom:video-encoder-webm-vp8: eb34c28f22e8b96e1ab97ce403110664 -> 
  custom:audio-encoder-webm-vorbis: bf7c407c2cedff20999df2af8eb42d56 -> 
  custom:framework-win-MediaFoundation: 216162199b28c13a410421893ffa2e32 -> 
  custom:container-demuxer-ogg: 62fdf1f143b41e24485cea50d1cbac27 -> 
  custom:video-decoder-webm-vp8: 9c59270c3fd7afecdb556c50c9e8de78 -> 
  custom:audio-decoder-ogg-vorbis: bf7c407c2cedff20999df2af8eb42d56 -> 
========================================================================
Received Prepare
Registering precompiled user dll's ...
Registered in 0.014794 seconds.
Begin MonoManager ReloadAssembly
Symbol file LoadedFromMemory doesn't match image C:\Users\ykpon\Desktop\Unity\Fly-out\Fly out\Library\PackageCache\com.unity.visualscripting@1.7.8\Editor\VisualScripting.Core\Dependencies\YamlDotNet\Unity.VisualScripting.YamlDotNet.dll
Symbol file LoadedFromMemory doesn't match image C:\Users\ykpon\Desktop\Unity\Fly-out\Fly out\Library\PackageCache\com.unity.visualscripting@1.7.8\Editor\VisualScripting.Core\Dependencies\DotNetZip\Unity.VisualScripting.IonicZip.dll
Native extension for WindowsStandalone target not found
Native extension for Android target not found
Native extension for WebGL target not found
Refreshing native plugins compatible for Editor in 2.19 ms, found 3 plugins.
Preloading 0 native plugins for Editor in 0.00 ms.
Mono: successfully reloaded assembly
- Completed reload, in  2.786 seconds
Domain Reload Profiling:
	ReloadAssembly (2788ms)
		BeginReloadAssembly (392ms)
			ExecutionOrderSort (0ms)
			DisableScriptedObjects (15ms)
			BackupInstance (0ms)
			ReleaseScriptingObjects (0ms)
			CreateAndSetChildDomain (104ms)
		EndReloadAssembly (2127ms)
			LoadAssemblies (275ms)
			RebuildTransferFunctionScriptingTraits (0ms)
			SetupTypeCache (738ms)
			ReleaseScriptCaches (3ms)
			RebuildScriptCaches (130ms)
			SetupLoadedEditorAssemblies (927ms)
				LogAssemblyErrors (0ms)
				InitializePlatformSupportModulesInManaged (63ms)
				SetLoadedEditorAssemblies (2ms)
				RefreshPlugins (2ms)
				BeforeProcessingInitializeOnLoad (165ms)
				ProcessInitializeOnLoadAttributes (579ms)
				ProcessInitializeOnLoadMethodAttributes (89ms)
				AfterProcessingInitializeOnLoad (27ms)
				EditorAssembliesLoaded (0ms)
			ExecutionOrderSort2 (0ms)
			AwakeInstancesAfterBackupRestoration (12ms)
Platform modules already initialized, skipping
Shader 'RealCar/RealCarGlass': fallback shader 'Transparent' not found
Refreshing native plugins compatible for Editor in 17.42 ms, found 3 plugins.
Preloading 0 native plugins for Editor in 0.00 ms.
Unloading 3410 Unused Serialized files (Serialized files now loaded: 0)
Unloading 22 unused Assets / (80.2 KB). Loaded Objects now: 3904.
Memory consumption went from 127.2 MB to 127.1 MB.
Total: 15.450700 ms (FindLiveObjects: 1.142900 ms CreateObjectMapping: 1.892000 ms MarkObjects: 12.166400 ms  DeleteObjects: 0.246200 ms)

AssetImportParameters requested are different than current active one (requested -> active):
  custom:video-decoder-ogg-theora: a1e56fd34408186e4bbccfd4996cb3dc -> 
  custom:container-muxer-webm: aa71ff27fc2769a1b78a27578f13a17b -> 
  custom:container-demuxer-webm: 4f35f7cbe854078d1ac9338744f61a02 -> 
  custom:video-encoder-webm-vp8: eb34c28f22e8b96e1ab97ce403110664 -> 
  custom:audio-encoder-webm-vorbis: bf7c407c2cedff20999df2af8eb42d56 -> 
  custom:framework-win-MediaFoundation: 216162199b28c13a410421893ffa2e32 -> 
  custom:container-demuxer-ogg: 62fdf1f143b41e24485cea50d1cbac27 -> 
  custom:video-decoder-webm-vp8: 9c59270c3fd7afecdb556c50c9e8de78 -> 
  custom:audio-decoder-ogg-vorbis: bf7c407c2cedff20999df2af8eb42d56 -> 
========================================================================
Received Import Request.
  Time since last request: 192.639933 seconds.
  path: Assets/Car/Favoured Cars Pack - Low Poly (FREE)/Prefab/Car_2_Free.prefab
  artifactKey: Guid(4080e309b46c81b46a9129ff6ba9e280) Importer(815301076,1909f56bfc062723c751e8b465ee728b)
Start importing Assets/Car/Favoured Cars Pack - Low Poly (FREE)/Prefab/Car_2_Free.prefab using Guid(4080e309b46c81b46a9129ff6ba9e280) Importer(815301076,1909f56bfc062723c751e8b465ee728b)  -> (artifact id: 'd624c464dcc56703349a8ef5b9d92e5b') in 1.174476 seconds 
========================================================================
Received Import Request.
  Time since last request: 6.204870 seconds.
  path: Assets/Car/Favoured Cars Pack - Low Poly (FREE)/Prefab/Car_2_Free.prefab
  artifactKey: Guid(4080e309b46c81b46a9129ff6ba9e280) Importer(815301076,1909f56bfc062723c751e8b465ee728b)
Start importing Assets/Car/Favoured Cars Pack - Low Poly (FREE)/Prefab/Car_2_Free.prefab using Guid(4080e309b46c81b46a9129ff6ba9e280) Importer(815301076,1909f56bfc062723c751e8b465ee728b)  -> (artifact id: '55a64e67bc0bd86f7013847ec31f05f2') in 0.579629 seconds 
========================================================================
Received Import Request.
  Time since last request: 1.652906 seconds.
  path: Assets/Car/Favoured Cars Pack - Low Poly (FREE)/Prefab/Car_2_Free.prefab
  artifactKey: Guid(4080e309b46c81b46a9129ff6ba9e280) Importer(815301076,1909f56bfc062723c751e8b465ee728b)
Start importing Assets/Car/Favoured Cars Pack - Low Poly (FREE)/Prefab/Car_2_Free.prefab using Guid(4080e309b46c81b46a9129ff6ba9e280) Importer(815301076,1909f56bfc062723c751e8b465ee728b)  -> (artifact id: '1f3781d55cb2fdcc519f3053ec7186a4') in 0.731702 seconds 
========================================================================
Received Import Request.
  Time since last request: 1.436461 seconds.
  path: Assets/Car/Favoured Cars Pack - Low Poly (FREE)/Prefab/Car_2_Free.prefab
  artifactKey: Guid(4080e309b46c81b46a9129ff6ba9e280) Importer(815301076,1909f56bfc062723c751e8b465ee728b)
Start importing Assets/Car/Favoured Cars Pack - Low Poly (FREE)/Prefab/Car_2_Free.prefab using Guid(4080e309b46c81b46a9129ff6ba9e280) Importer(815301076,1909f56bfc062723c751e8b465ee728b)  -> (artifact id: 'cce5f3fff8941ff554279d14ff7e9a09') in 0.580525 seconds 
========================================================================
Received Prepare
Registering precompiled user dll's ...
Registered in 0.018349 seconds.
Begin MonoManager ReloadAssembly
Symbol file LoadedFromMemory doesn't match image C:\Users\ykpon\Desktop\Unity\Fly-out\Fly out\Library\PackageCache\com.unity.visualscripting@1.7.8\Editor\VisualScripting.Core\Dependencies\YamlDotNet\Unity.VisualScripting.YamlDotNet.dll
Symbol file LoadedFromMemory doesn't match image C:\Users\ykpon\Desktop\Unity\Fly-out\Fly out\Library\PackageCache\com.unity.visualscripting@1.7.8\Editor\VisualScripting.Core\Dependencies\DotNetZip\Unity.VisualScripting.IonicZip.dll
Native extension for WindowsStandalone target not found
Native extension for Android target not found
Native extension for WebGL target not found
Refreshing native plugins compatible for Editor in 3.17 ms, found 3 plugins.
Preloading 0 native plugins for Editor in 0.00 ms.
Mono: successfully reloaded assembly
- Completed reload, in  2.750 seconds
Domain Reload Profiling:
	ReloadAssembly (2752ms)
		BeginReloadAssembly (380ms)
			ExecutionOrderSort (0ms)
			DisableScriptedObjects (15ms)
			BackupInstance (0ms)
			ReleaseScriptingObjects (0ms)
			CreateAndSetChildDomain (107ms)
		EndReloadAssembly (2102ms)
			LoadAssemblies (250ms)
			RebuildTransferFunctionScriptingTraits (0ms)
			SetupTypeCache (687ms)
			ReleaseScriptCaches (3ms)
			RebuildScriptCaches (114ms)
			SetupLoadedEditorAssemblies (963ms)
				LogAssemblyErrors (0ms)
				InitializePlatformSupportModulesInManaged (63ms)
				SetLoadedEditorAssemblies (2ms)
				RefreshPlugins (3ms)
				BeforeProcessingInitializeOnLoad (202ms)
				ProcessInitializeOnLoadAttributes (569ms)
				ProcessInitializeOnLoadMethodAttributes (101ms)
				AfterProcessingInitializeOnLoad (23ms)
				EditorAssembliesLoaded (0ms)
			ExecutionOrderSort2 (0ms)
			AwakeInstancesAfterBackupRestoration (13ms)
Platform modules already initialized, skipping
Shader 'RealCar/RealCarGlass': fallback shader 'Transparent' not found
Refreshing native plugins compatible for Editor in 9.15 ms, found 3 plugins.
Preloading 0 native plugins for Editor in 0.00 ms.
Unloading 3410 Unused Serialized files (Serialized files now loaded: 0)
Unloading 22 unused Assets / (80.1 KB). Loaded Objects now: 3907.
Memory consumption went from 127.1 MB to 127.0 MB.
Total: 11.045000 ms (FindLiveObjects: 0.739900 ms CreateObjectMapping: 0.229200 ms MarkObjects: 9.874500 ms  DeleteObjects: 0.199100 ms)

AssetImportParameters requested are different than current active one (requested -> active):
  custom:video-decoder-ogg-theora: a1e56fd34408186e4bbccfd4996cb3dc -> 
  custom:container-muxer-webm: aa71ff27fc2769a1b78a27578f13a17b -> 
  custom:container-demuxer-webm: 4f35f7cbe854078d1ac9338744f61a02 -> 
  custom:video-encoder-webm-vp8: eb34c28f22e8b96e1ab97ce403110664 -> 
  custom:audio-encoder-webm-vorbis: bf7c407c2cedff20999df2af8eb42d56 -> 
  custom:framework-win-MediaFoundation: 216162199b28c13a410421893ffa2e32 -> 
  custom:container-demuxer-ogg: 62fdf1f143b41e24485cea50d1cbac27 -> 
  custom:video-decoder-webm-vp8: 9c59270c3fd7afecdb556c50c9e8de78 -> 
  custom:audio-decoder-ogg-vorbis: bf7c407c2cedff20999df2af8eb42d56 -> 
========================================================================
Received Prepare
Registering precompiled user dll's ...
Registered in 0.013630 seconds.
Begin MonoManager ReloadAssembly
Symbol file LoadedFromMemory doesn't match image C:\Users\ykpon\Desktop\Unity\Fly-out\Fly out\Library\PackageCache\com.unity.visualscripting@1.7.8\Editor\VisualScripting.Core\Dependencies\YamlDotNet\Unity.VisualScripting.YamlDotNet.dll
Symbol file LoadedFromMemory doesn't match image C:\Users\ykpon\Desktop\Unity\Fly-out\Fly out\Library\PackageCache\com.unity.visualscripting@1.7.8\Editor\VisualScripting.Core\Dependencies\DotNetZip\Unity.VisualScripting.IonicZip.dll
Native extension for WindowsStandalone target not found
Native extension for Android target not found
Native extension for WebGL target not found
Refreshing native plugins compatible for Editor in 1.81 ms, found 3 plugins.
Preloading 0 native plugins for Editor in 0.00 ms.
Mono: successfully reloaded assembly
- Completed reload, in  2.767 seconds
Domain Reload Profiling:
	ReloadAssembly (2769ms)
		BeginReloadAssembly (376ms)
			ExecutionOrderSort (0ms)
			DisableScriptedObjects (17ms)
			BackupInstance (0ms)
			ReleaseScriptingObjects (0ms)
			CreateAndSetChildDomain (104ms)
		EndReloadAssembly (2133ms)
			LoadAssemblies (252ms)
			RebuildTransferFunctionScriptingTraits (0ms)
			SetupTypeCache (717ms)
			ReleaseScriptCaches (3ms)
			RebuildScriptCaches (113ms)
			SetupLoadedEditorAssemblies (949ms)
				LogAssemblyErrors (0ms)
				InitializePlatformSupportModulesInManaged (75ms)
				SetLoadedEditorAssemblies (1ms)
				RefreshPlugins (2ms)
				BeforeProcessingInitializeOnLoad (187ms)
				ProcessInitializeOnLoadAttributes (570ms)
				ProcessInitializeOnLoadMethodAttributes (89ms)
				AfterProcessingInitializeOnLoad (24ms)
				EditorAssembliesLoaded (1ms)
			ExecutionOrderSort2 (0ms)
			AwakeInstancesAfterBackupRestoration (16ms)
Platform modules already initialized, skipping
Shader 'RealCar/RealCarGlass': fallback shader 'Transparent' not found
Refreshing native plugins compatible for Editor in 7.53 ms, found 3 plugins.
Preloading 0 native plugins for Editor in 0.00 ms.
Unloading 3410 Unused Serialized files (Serialized files now loaded: 0)
Unloading 22 unused Assets / (80.0 KB). Loaded Objects now: 3910.
Memory consumption went from 127.2 MB to 127.1 MB.
Total: 9.591800 ms (FindLiveObjects: 0.679500 ms CreateObjectMapping: 0.389700 ms MarkObjects: 8.272200 ms  DeleteObjects: 0.247500 ms)

AssetImportParameters requested are different than current active one (requested -> active):
  custom:video-decoder-ogg-theora: a1e56fd34408186e4bbccfd4996cb3dc -> 
  custom:container-muxer-webm: aa71ff27fc2769a1b78a27578f13a17b -> 
  custom:container-demuxer-webm: 4f35f7cbe854078d1ac9338744f61a02 -> 
  custom:video-encoder-webm-vp8: eb34c28f22e8b96e1ab97ce403110664 -> 
  custom:audio-encoder-webm-vorbis: bf7c407c2cedff20999df2af8eb42d56 -> 
  custom:framework-win-MediaFoundation: 216162199b28c13a410421893ffa2e32 -> 
  custom:container-demuxer-ogg: 62fdf1f143b41e24485cea50d1cbac27 -> 
  custom:video-decoder-webm-vp8: 9c59270c3fd7afecdb556c50c9e8de78 -> 
  custom:audio-decoder-ogg-vorbis: bf7c407c2cedff20999df2af8eb42d56 -> 
========================================================================
Received Import Request.
  Time since last request: 1025.606080 seconds.
  path: Assets/Car/Favoured Cars Pack - Low Poly (FREE)/Prefab/Car_2_Free.prefab
  artifactKey: Guid(4080e309b46c81b46a9129ff6ba9e280) Importer(815301076,1909f56bfc062723c751e8b465ee728b)
Start importing Assets/Car/Favoured Cars Pack - Low Poly (FREE)/Prefab/Car_2_Free.prefab using Guid(4080e309b46c81b46a9129ff6ba9e280) Importer(815301076,1909f56bfc062723c751e8b465ee728b)  -> (artifact id: 'f2d7b44fe885ee26f7249c07b6dbb15c') in 1.021531 seconds 
========================================================================
Received Prepare
Registering precompiled user dll's ...
Registered in 0.010673 seconds.
Begin MonoManager ReloadAssembly
Symbol file LoadedFromMemory doesn't match image C:\Users\ykpon\Desktop\Unity\Fly-out\Fly out\Library\PackageCache\com.unity.visualscripting@1.7.8\Editor\VisualScripting.Core\Dependencies\YamlDotNet\Unity.VisualScripting.YamlDotNet.dll
Symbol file LoadedFromMemory doesn't match image C:\Users\ykpon\Desktop\Unity\Fly-out\Fly out\Library\PackageCache\com.unity.visualscripting@1.7.8\Editor\VisualScripting.Core\Dependencies\DotNetZip\Unity.VisualScripting.IonicZip.dll
Native extension for WindowsStandalone target not found
Native extension for Android target not found
Native extension for WebGL target not found
Refreshing native plugins compatible for Editor in 2.29 ms, found 3 plugins.
Preloading 0 native plugins for Editor in 0.00 ms.
Mono: successfully reloaded assembly
- Completed reload, in  2.915 seconds
Domain Reload Profiling:
	ReloadAssembly (2916ms)
		BeginReloadAssembly (397ms)
			ExecutionOrderSort (0ms)
			DisableScriptedObjects (15ms)
			BackupInstance (0ms)
			ReleaseScriptingObjects (0ms)
			CreateAndSetChildDomain (100ms)
		EndReloadAssembly (2258ms)
			LoadAssemblies (285ms)
			RebuildTransferFunctionScriptingTraits (0ms)
			SetupTypeCache (852ms)
			ReleaseScriptCaches (3ms)
			RebuildScriptCaches (122ms)
			SetupLoadedEditorAssemblies (939ms)
				LogAssemblyErrors (0ms)
				InitializePlatformSupportModulesInManaged (72ms)
				SetLoadedEditorAssemblies (1ms)
				RefreshPlugins (3ms)
				BeforeProcessingInitializeOnLoad (183ms)
				ProcessInitializeOnLoadAttributes (567ms)
				ProcessInitializeOnLoadMethodAttributes (88ms)
				AfterProcessingInitializeOnLoad (24ms)
				EditorAssembliesLoaded (0ms)
			ExecutionOrderSort2 (0ms)
			AwakeInstancesAfterBackupRestoration (20ms)
Platform modules already initialized, skipping
Shader 'RealCar/RealCarGlass': fallback shader 'Transparent' not found
Refreshing native plugins compatible for Editor in 8.01 ms, found 3 plugins.
Preloading 0 native plugins for Editor in 0.00 ms.
Unloading 3410 Unused Serialized files (Serialized files now loaded: 0)
Unloading 22 unused Assets / (80.0 KB). Loaded Objects now: 3913.
Memory consumption went from 127.2 MB to 127.1 MB.
Total: 8.464800 ms (FindLiveObjects: 0.800200 ms CreateObjectMapping: 0.251900 ms MarkObjects: 7.222000 ms  DeleteObjects: 0.188300 ms)

AssetImportParameters requested are different than current active one (requested -> active):
  custom:video-decoder-ogg-theora: a1e56fd34408186e4bbccfd4996cb3dc -> 
  custom:container-muxer-webm: aa71ff27fc2769a1b78a27578f13a17b -> 
  custom:container-demuxer-webm: 4f35f7cbe854078d1ac9338744f61a02 -> 
  custom:video-encoder-webm-vp8: eb34c28f22e8b96e1ab97ce403110664 -> 
  custom:audio-encoder-webm-vorbis: bf7c407c2cedff20999df2af8eb42d56 -> 
  custom:framework-win-MediaFoundation: 216162199b28c13a410421893ffa2e32 -> 
  custom:container-demuxer-ogg: 62fdf1f143b41e24485cea50d1cbac27 -> 
  custom:video-decoder-webm-vp8: 9c59270c3fd7afecdb556c50c9e8de78 -> 
  custom:audio-decoder-ogg-vorbis: bf7c407c2cedff20999df2af8eb42d56 -> 
========================================================================
Received Import Request.
  Time since last request: 162.558961 seconds.
  path: Assets/Car/Favoured Cars Pack - Low Poly (FREE)/Prefab/Car_2_Free.prefab
  artifactKey: Guid(4080e309b46c81b46a9129ff6ba9e280) Importer(815301076,1909f56bfc062723c751e8b465ee728b)
Start importing Assets/Car/Favoured Cars Pack - Low Poly (FREE)/Prefab/Car_2_Free.prefab using Guid(4080e309b46c81b46a9129ff6ba9e280) Importer(815301076,1909f56bfc062723c751e8b465ee728b)  -> (artifact id: '8571cbfddeaea687f11e16dfde27526e') in 1.053141 seconds 
========================================================================
Received Import Request.
  Time since last request: 844.084042 seconds.
  path: Assets/Car/Favoured Cars Pack - Low Poly (FREE)/Prefab/Car_3_Free.prefab
  artifactKey: Guid(41d9dd3b8b783f14d902e7b6c4f73ec6) Importer(815301076,1909f56bfc062723c751e8b465ee728b)
Start importing Assets/Car/Favoured Cars Pack - Low Poly (FREE)/Prefab/Car_3_Free.prefab using Guid(41d9dd3b8b783f14d902e7b6c4f73ec6) Importer(815301076,1909f56bfc062723c751e8b465ee728b)  -> (artifact id: 'f6103bfcdf232f1327e44044c9551133') in 0.655940 seconds 
========================================================================
Received Prepare
Registering precompiled user dll's ...
Registered in 0.024306 seconds.
Begin MonoManager ReloadAssembly
Symbol file LoadedFromMemory doesn't match image C:\Users\ykpon\Desktop\Unity\Fly-out\Fly out\Library\PackageCache\com.unity.visualscripting@1.7.8\Editor\VisualScripting.Core\Dependencies\YamlDotNet\Unity.VisualScripting.YamlDotNet.dll
Symbol file LoadedFromMemory doesn't match image C:\Users\ykpon\Desktop\Unity\Fly-out\Fly out\Library\PackageCache\com.unity.visualscripting@1.7.8\Editor\VisualScripting.Core\Dependencies\DotNetZip\Unity.VisualScripting.IonicZip.dll
Native extension for WindowsStandalone target not found
Native extension for Android target not found
Native extension for WebGL target not found
Refreshing native plugins compatible for Editor in 2.27 ms, found 3 plugins.
Preloading 0 native plugins for Editor in 0.00 ms.
Mono: successfully reloaded assembly
- Completed reload, in  3.397 seconds
Domain Reload Profiling:
	ReloadAssembly (3399ms)
		BeginReloadAssembly (496ms)
			ExecutionOrderSort (0ms)
			DisableScriptedObjects (18ms)
			BackupInstance (0ms)
			ReleaseScriptingObjects (0ms)
			CreateAndSetChildDomain (126ms)
		EndReloadAssembly (2461ms)
			LoadAssemblies (296ms)
			RebuildTransferFunctionScriptingTraits (0ms)
			SetupTypeCache (825ms)
			ReleaseScriptCaches (4ms)
			RebuildScriptCaches (146ms)
			SetupLoadedEditorAssemblies (1102ms)
				LogAssemblyErrors (0ms)
				InitializePlatformSupportModulesInManaged (80ms)
				SetLoadedEditorAssemblies (1ms)
				RefreshPlugins (3ms)
				BeforeProcessingInitializeOnLoad (225ms)
				ProcessInitializeOnLoadAttributes (666ms)
				ProcessInitializeOnLoadMethodAttributes (101ms)
				AfterProcessingInitializeOnLoad (26ms)
				EditorAssembliesLoaded (0ms)
			ExecutionOrderSort2 (0ms)
			AwakeInstancesAfterBackupRestoration (24ms)
Platform modules already initialized, skipping
Shader 'RealCar/RealCarGlass': fallback shader 'Transparent' not found
Refreshing native plugins compatible for Editor in 4.56 ms, found 3 plugins.
Preloading 0 native plugins for Editor in 0.00 ms.
Unloading 3410 Unused Serialized files (Serialized files now loaded: 0)
Unloading 22 unused Assets / (80.2 KB). Loaded Objects now: 3916.
Memory consumption went from 127.2 MB to 127.2 MB.
Total: 7.022400 ms (FindLiveObjects: 0.706100 ms CreateObjectMapping: 0.178400 ms MarkObjects: 5.943100 ms  DeleteObjects: 0.192500 ms)

AssetImportParameters requested are different than current active one (requested -> active):
  custom:video-decoder-ogg-theora: a1e56fd34408186e4bbccfd4996cb3dc -> 
  custom:container-muxer-webm: aa71ff27fc2769a1b78a27578f13a17b -> 
  custom:container-demuxer-webm: 4f35f7cbe854078d1ac9338744f61a02 -> 
  custom:video-encoder-webm-vp8: eb34c28f22e8b96e1ab97ce403110664 -> 
  custom:audio-encoder-webm-vorbis: bf7c407c2cedff20999df2af8eb42d56 -> 
  custom:framework-win-MediaFoundation: 216162199b28c13a410421893ffa2e32 -> 
  custom:container-demuxer-ogg: 62fdf1f143b41e24485cea50d1cbac27 -> 
  custom:video-decoder-webm-vp8: 9c59270c3fd7afecdb556c50c9e8de78 -> 
  custom:audio-decoder-ogg-vorbis: bf7c407c2cedff20999df2af8eb42d56 -> 
========================================================================
Received Import Request.
  Time since last request: 110.639012 seconds.
  path: Assets/Car/Favoured Cars Pack - Low Poly (FREE)/Prefab/Car_3_Free.prefab
  artifactKey: Guid(41d9dd3b8b783f14d902e7b6c4f73ec6) Importer(815301076,1909f56bfc062723c751e8b465ee728b)
Start importing Assets/Car/Favoured Cars Pack - Low Poly (FREE)/Prefab/Car_3_Free.prefab using Guid(41d9dd3b8b783f14d902e7b6c4f73ec6) Importer(815301076,1909f56bfc062723c751e8b465ee728b)  -> (artifact id: '2fac6ee7fbed36e1f1fc3b6293ba60ec') in 0.991048 seconds 
========================================================================
Received Prepare
Registering precompiled user dll's ...
Registered in 0.011889 seconds.
Begin MonoManager ReloadAssembly
Symbol file LoadedFromMemory doesn't match image C:\Users\ykpon\Desktop\Unity\Fly-out\Fly out\Library\PackageCache\com.unity.visualscripting@1.7.8\Editor\VisualScripting.Core\Dependencies\YamlDotNet\Unity.VisualScripting.YamlDotNet.dll
Symbol file LoadedFromMemory doesn't match image C:\Users\ykpon\Desktop\Unity\Fly-out\Fly out\Library\PackageCache\com.unity.visualscripting@1.7.8\Editor\VisualScripting.Core\Dependencies\DotNetZip\Unity.VisualScripting.IonicZip.dll
Native extension for WindowsStandalone target not found
Native extension for Android target not found
Native extension for WebGL target not found
Refreshing native plugins compatible for Editor in 1.67 ms, found 3 plugins.
Preloading 0 native plugins for Editor in 0.00 ms.
Mono: successfully reloaded assembly
- Completed reload, in  2.614 seconds
Domain Reload Profiling:
	ReloadAssembly (2616ms)
		BeginReloadAssembly (349ms)
			ExecutionOrderSort (0ms)
			DisableScriptedObjects (14ms)
			BackupInstance (0ms)
			ReleaseScriptingObjects (0ms)
			CreateAndSetChildDomain (93ms)
		EndReloadAssembly (2001ms)
			LoadAssemblies (247ms)
			RebuildTransferFunctionScriptingTraits (0ms)
			SetupTypeCache (713ms)
			ReleaseScriptCaches (3ms)
			RebuildScriptCaches (116ms)
			SetupLoadedEditorAssemblies (834ms)
				LogAssemblyErrors (0ms)
				InitializePlatformSupportModulesInManaged (64ms)
				SetLoadedEditorAssemblies (1ms)
				RefreshPlugins (2ms)
				BeforeProcessingInitializeOnLoad (183ms)
				ProcessInitializeOnLoadAttributes (499ms)
				ProcessInitializeOnLoadMethodAttributes (61ms)
				AfterProcessingInitializeOnLoad (23ms)
				EditorAssembliesLoaded (0ms)
			ExecutionOrderSort2 (0ms)
			AwakeInstancesAfterBackupRestoration (14ms)
Platform modules already initialized, skipping
Shader 'RealCar/RealCarGlass': fallback shader 'Transparent' not found
Refreshing native plugins compatible for Editor in 7.48 ms, found 3 plugins.
Preloading 0 native plugins for Editor in 0.00 ms.
Unloading 3410 Unused Serialized files (Serialized files now loaded: 0)
Unloading 22 unused Assets / (80.0 KB). Loaded Objects now: 3919.
Memory consumption went from 127.3 MB to 127.2 MB.
Total: 8.569500 ms (FindLiveObjects: 0.642300 ms CreateObjectMapping: 0.210400 ms MarkObjects: 7.510900 ms  DeleteObjects: 0.203800 ms)

AssetImportParameters requested are different than current active one (requested -> active):
  custom:video-decoder-ogg-theora: a1e56fd34408186e4bbccfd4996cb3dc -> 
  custom:container-muxer-webm: aa71ff27fc2769a1b78a27578f13a17b -> 
  custom:container-demuxer-webm: 4f35f7cbe854078d1ac9338744f61a02 -> 
  custom:video-encoder-webm-vp8: eb34c28f22e8b96e1ab97ce403110664 -> 
  custom:audio-encoder-webm-vorbis: bf7c407c2cedff20999df2af8eb42d56 -> 
  custom:framework-win-MediaFoundation: 216162199b28c13a410421893ffa2e32 -> 
  custom:container-demuxer-ogg: 62fdf1f143b41e24485cea50d1cbac27 -> 
  custom:video-decoder-webm-vp8: 9c59270c3fd7afecdb556c50c9e8de78 -> 
  custom:audio-decoder-ogg-vorbis: bf7c407c2cedff20999df2af8eb42d56 -> 
========================================================================
Received Import Request.
  Time since last request: 103.065883 seconds.
  path: Assets/Car/Favoured Cars Pack - Low Poly (FREE)/Prefab/Car_3_Free.prefab
  artifactKey: Guid(41d9dd3b8b783f14d902e7b6c4f73ec6) Importer(815301076,1909f56bfc062723c751e8b465ee728b)
Start importing Assets/Car/Favoured Cars Pack - Low Poly (FREE)/Prefab/Car_3_Free.prefab using Guid(41d9dd3b8b783f14d902e7b6c4f73ec6) Importer(815301076,1909f56bfc062723c751e8b465ee728b)  -> (artifact id: '8c8e517cbe5abd8a12dbe6bbfbbf38e5') in 1.009091 seconds 
========================================================================
Received Prepare
Registering precompiled user dll's ...
Registered in 0.013687 seconds.
Begin MonoManager ReloadAssembly
Symbol file LoadedFromMemory doesn't match image C:\Users\ykpon\Desktop\Unity\Fly-out\Fly out\Library\PackageCache\com.unity.visualscripting@1.7.8\Editor\VisualScripting.Core\Dependencies\YamlDotNet\Unity.VisualScripting.YamlDotNet.dll
Symbol file LoadedFromMemory doesn't match image C:\Users\ykpon\Desktop\Unity\Fly-out\Fly out\Library\PackageCache\com.unity.visualscripting@1.7.8\Editor\VisualScripting.Core\Dependencies\DotNetZip\Unity.VisualScripting.IonicZip.dll
Native extension for WindowsStandalone target not found
Native extension for Android target not found
Native extension for WebGL target not found
Refreshing native plugins compatible for Editor in 1.71 ms, found 3 plugins.
Preloading 0 native plugins for Editor in 0.00 ms.
Mono: successfully reloaded assembly
- Completed reload, in  2.892 seconds
Domain Reload Profiling:
	ReloadAssembly (2893ms)
		BeginReloadAssembly (373ms)
			ExecutionOrderSort (0ms)
			DisableScriptedObjects (10ms)
			BackupInstance (0ms)
			ReleaseScriptingObjects (0ms)
			CreateAndSetChildDomain (98ms)
		EndReloadAssembly (2254ms)
			LoadAssemblies (290ms)
			RebuildTransferFunctionScriptingTraits (0ms)
			SetupTypeCache (725ms)
			ReleaseScriptCaches (3ms)
			RebuildScriptCaches (100ms)
			SetupLoadedEditorAssemblies (1038ms)
				LogAssemblyErrors (0ms)
				InitializePlatformSupportModulesInManaged (65ms)
				SetLoadedEditorAssemblies (1ms)
				RefreshPlugins (2ms)
				BeforeProcessingInitializeOnLoad (186ms)
				ProcessInitializeOnLoadAttributes (654ms)
				ProcessInitializeOnLoadMethodAttributes (104ms)
				AfterProcessingInitializeOnLoad (25ms)
				EditorAssembliesLoaded (1ms)
			ExecutionOrderSort2 (0ms)
			AwakeInstancesAfterBackupRestoration (25ms)
Platform modules already initialized, skipping
Shader 'RealCar/RealCarGlass': fallback shader 'Transparent' not found
Refreshing native plugins compatible for Editor in 10.45 ms, found 3 plugins.
Preloading 0 native plugins for Editor in 0.00 ms.
Unloading 3410 Unused Serialized files (Serialized files now loaded: 0)
Unloading 22 unused Assets / (80.0 KB). Loaded Objects now: 3922.
Memory consumption went from 127.3 MB to 127.2 MB.
Total: 15.907200 ms (FindLiveObjects: 2.029400 ms CreateObjectMapping: 1.343700 ms MarkObjects: 12.264300 ms  DeleteObjects: 0.265300 ms)

AssetImportParameters requested are different than current active one (requested -> active):
  custom:video-decoder-ogg-theora: a1e56fd34408186e4bbccfd4996cb3dc -> 
  custom:container-muxer-webm: aa71ff27fc2769a1b78a27578f13a17b -> 
  custom:container-demuxer-webm: 4f35f7cbe854078d1ac9338744f61a02 -> 
  custom:video-encoder-webm-vp8: eb34c28f22e8b96e1ab97ce403110664 -> 
  custom:audio-encoder-webm-vorbis: bf7c407c2cedff20999df2af8eb42d56 -> 
  custom:framework-win-MediaFoundation: 216162199b28c13a410421893ffa2e32 -> 
  custom:container-demuxer-ogg: 62fdf1f143b41e24485cea50d1cbac27 -> 
  custom:video-decoder-webm-vp8: 9c59270c3fd7afecdb556c50c9e8de78 -> 
  custom:audio-decoder-ogg-vorbis: bf7c407c2cedff20999df2af8eb42d56 -> 
========================================================================
Received Import Request.
  Time since last request: 551.672762 seconds.
  path: Assets/Car/Favoured Cars Pack - Low Poly (FREE)/Prefab/Car_4_Free.prefab
  artifactKey: Guid(25b7b73499ac36c4d99262690f2d1f9c) Importer(815301076,1909f56bfc062723c751e8b465ee728b)
Start importing Assets/Car/Favoured Cars Pack - Low Poly (FREE)/Prefab/Car_4_Free.prefab using Guid(25b7b73499ac36c4d99262690f2d1f9c) Importer(815301076,1909f56bfc062723c751e8b465ee728b)  -> (artifact id: '1c2a0a5279e4de5d061ffb0eb1465a6f') in 0.899279 seconds 
========================================================================
Received Prepare
Registering precompiled user dll's ...
Registered in 0.016629 seconds.
Begin MonoManager ReloadAssembly
Symbol file LoadedFromMemory doesn't match image C:\Users\ykpon\Desktop\Unity\Fly-out\Fly out\Library\PackageCache\com.unity.visualscripting@1.7.8\Editor\VisualScripting.Core\Dependencies\YamlDotNet\Unity.VisualScripting.YamlDotNet.dll
Symbol file LoadedFromMemory doesn't match image C:\Users\ykpon\Desktop\Unity\Fly-out\Fly out\Library\PackageCache\com.unity.visualscripting@1.7.8\Editor\VisualScripting.Core\Dependencies\DotNetZip\Unity.VisualScripting.IonicZip.dll
Native extension for WindowsStandalone target not found
Native extension for Android target not found
Native extension for WebGL target not found
Refreshing native plugins compatible for Editor in 1.66 ms, found 3 plugins.
Preloading 0 native plugins for Editor in 0.00 ms.
Mono: successfully reloaded assembly
- Completed reload, in  2.832 seconds
Domain Reload Profiling:
	ReloadAssembly (2833ms)
		BeginReloadAssembly (372ms)
			ExecutionOrderSort (0ms)
			DisableScriptedObjects (33ms)
			BackupInstance (0ms)
			ReleaseScriptingObjects (0ms)
			CreateAndSetChildDomain (103ms)
		EndReloadAssembly (2211ms)
			LoadAssemblies (252ms)
			RebuildTransferFunctionScriptingTraits (0ms)
			SetupTypeCache (746ms)
			ReleaseScriptCaches (4ms)
			RebuildScriptCaches (110ms)
			SetupLoadedEditorAssemblies (1001ms)
				LogAssemblyErrors (0ms)
				InitializePlatformSupportModulesInManaged (58ms)
				SetLoadedEditorAssemblies (1ms)
				RefreshPlugins (2ms)
				BeforeProcessingInitializeOnLoad (182ms)
				ProcessInitializeOnLoadAttributes (631ms)
				ProcessInitializeOnLoadMethodAttributes (99ms)
				AfterProcessingInitializeOnLoad (27ms)
				EditorAssembliesLoaded (0ms)
			ExecutionOrderSort2 (0ms)
			AwakeInstancesAfterBackupRestoration (22ms)
Platform modules already initialized, skipping
Shader 'RealCar/RealCarGlass': fallback shader 'Transparent' not found
Refreshing native plugins compatible for Editor in 14.93 ms, found 3 plugins.
Preloading 0 native plugins for Editor in 0.00 ms.
Unloading 3410 Unused Serialized files (Serialized files now loaded: 0)
Unloading 22 unused Assets / (80.0 KB). Loaded Objects now: 3925.
Memory consumption went from 127.3 MB to 127.2 MB.
Total: 11.710300 ms (FindLiveObjects: 1.611500 ms CreateObjectMapping: 0.822800 ms MarkObjects: 9.052700 ms  DeleteObjects: 0.220200 ms)

AssetImportParameters requested are different than current active one (requested -> active):
  custom:video-decoder-ogg-theora: a1e56fd34408186e4bbccfd4996cb3dc -> 
  custom:container-muxer-webm: aa71ff27fc2769a1b78a27578f13a17b -> 
  custom:container-demuxer-webm: 4f35f7cbe854078d1ac9338744f61a02 -> 
  custom:video-encoder-webm-vp8: eb34c28f22e8b96e1ab97ce403110664 -> 
  custom:audio-encoder-webm-vorbis: bf7c407c2cedff20999df2af8eb42d56 -> 
  custom:framework-win-MediaFoundation: 216162199b28c13a410421893ffa2e32 -> 
  custom:container-demuxer-ogg: 62fdf1f143b41e24485cea50d1cbac27 -> 
  custom:video-decoder-webm-vp8: 9c59270c3fd7afecdb556c50c9e8de78 -> 
  custom:audio-decoder-ogg-vorbis: bf7c407c2cedff20999df2af8eb42d56 -> 
========================================================================
Received Prepare
Registering precompiled user dll's ...
Registered in 0.017229 seconds.
Begin MonoManager ReloadAssembly
Symbol file LoadedFromMemory doesn't match image C:\Users\ykpon\Desktop\Unity\Fly-out\Fly out\Library\PackageCache\com.unity.visualscripting@1.7.8\Editor\VisualScripting.Core\Dependencies\YamlDotNet\Unity.VisualScripting.YamlDotNet.dll
Symbol file LoadedFromMemory doesn't match image C:\Users\ykpon\Desktop\Unity\Fly-out\Fly out\Library\PackageCache\com.unity.visualscripting@1.7.8\Editor\VisualScripting.Core\Dependencies\DotNetZip\Unity.VisualScripting.IonicZip.dll
Native extension for WindowsStandalone target not found
Native extension for Android target not found
Native extension for WebGL target not found
Refreshing native plugins compatible for Editor in 1.74 ms, found 3 plugins.
Preloading 0 native plugins for Editor in 0.00 ms.
Mono: successfully reloaded assembly
- Completed reload, in  2.808 seconds
Domain Reload Profiling:
	ReloadAssembly (2810ms)
		BeginReloadAssembly (379ms)
			ExecutionOrderSort (0ms)
			DisableScriptedObjects (18ms)
			BackupInstance (0ms)
			ReleaseScriptingObjects (0ms)
			CreateAndSetChildDomain (109ms)
		EndReloadAssembly (2175ms)
			LoadAssemblies (249ms)
			RebuildTransferFunctionScriptingTraits (0ms)
			SetupTypeCache (728ms)
			ReleaseScriptCaches (3ms)
			RebuildScriptCaches (102ms)
			SetupLoadedEditorAssemblies (1002ms)
				LogAssemblyErrors (0ms)
				InitializePlatformSupportModulesInManaged (69ms)
				SetLoadedEditorAssemblies (1ms)
				RefreshPlugins (2ms)
				BeforeProcessingInitializeOnLoad (174ms)
				ProcessInitializeOnLoadAttributes (637ms)
				ProcessInitializeOnLoadMethodAttributes (89ms)
				AfterProcessingInitializeOnLoad (29ms)
				EditorAssembliesLoaded (1ms)
			ExecutionOrderSort2 (0ms)
			AwakeInstancesAfterBackupRestoration (18ms)
Platform modules already initialized, skipping
Shader 'RealCar/RealCarGlass': fallback shader 'Transparent' not found
Refreshing native plugins compatible for Editor in 7.04 ms, found 3 plugins.
Preloading 0 native plugins for Editor in 0.00 ms.
Unloading 3410 Unused Serialized files (Serialized files now loaded: 0)
Unloading 22 unused Assets / (80.2 KB). Loaded Objects now: 3928.
Memory consumption went from 127.2 MB to 127.1 MB.
Total: 11.562200 ms (FindLiveObjects: 0.928300 ms CreateObjectMapping: 0.356000 ms MarkObjects: 9.987600 ms  DeleteObjects: 0.287900 ms)

AssetImportParameters requested are different than current active one (requested -> active):
  custom:video-decoder-ogg-theora: a1e56fd34408186e4bbccfd4996cb3dc -> 
  custom:container-muxer-webm: aa71ff27fc2769a1b78a27578f13a17b -> 
  custom:container-demuxer-webm: 4f35f7cbe854078d1ac9338744f61a02 -> 
  custom:video-encoder-webm-vp8: eb34c28f22e8b96e1ab97ce403110664 -> 
  custom:audio-encoder-webm-vorbis: bf7c407c2cedff20999df2af8eb42d56 -> 
  custom:framework-win-MediaFoundation: 216162199b28c13a410421893ffa2e32 -> 
  custom:container-demuxer-ogg: 62fdf1f143b41e24485cea50d1cbac27 -> 
  custom:video-decoder-webm-vp8: 9c59270c3fd7afecdb556c50c9e8de78 -> 
  custom:audio-decoder-ogg-vorbis: bf7c407c2cedff20999df2af8eb42d56 -> 
========================================================================
Received Import Request.
  Time since last request: 515.965105 seconds.
  path: Assets/Car/LowPolyVehicle2/Prefabs/vehicle2-blue.prefab
  artifactKey: Guid(b9520086e6044ec428e7142211bb0ef7) Importer(815301076,1909f56bfc062723c751e8b465ee728b)
Start importing Assets/Car/LowPolyVehicle2/Prefabs/vehicle2-blue.prefab using Guid(b9520086e6044ec428e7142211bb0ef7) Importer(815301076,1909f56bfc062723c751e8b465ee728b)  -> (artifact id: 'c1737d8ffe435767f98f3330c6a0d782') in 1.073979 seconds 
========================================================================
Received Prepare
Registering precompiled user dll's ...
Registered in 0.018282 seconds.
Begin MonoManager ReloadAssembly
Symbol file LoadedFromMemory doesn't match image C:\Users\ykpon\Desktop\Unity\Fly-out\Fly out\Library\PackageCache\com.unity.visualscripting@1.7.8\Editor\VisualScripting.Core\Dependencies\YamlDotNet\Unity.VisualScripting.YamlDotNet.dll
Symbol file LoadedFromMemory doesn't match image C:\Users\ykpon\Desktop\Unity\Fly-out\Fly out\Library\PackageCache\com.unity.visualscripting@1.7.8\Editor\VisualScripting.Core\Dependencies\DotNetZip\Unity.VisualScripting.IonicZip.dll
Native extension for WindowsStandalone target not found
Native extension for Android target not found
Native extension for WebGL target not found
Refreshing native plugins compatible for Editor in 1.67 ms, found 3 plugins.
Preloading 0 native plugins for Editor in 0.00 ms.
Mono: successfully reloaded assembly
- Completed reload, in  3.860 seconds
Domain Reload Profiling:
	ReloadAssembly (3862ms)
		BeginReloadAssembly (1193ms)
			ExecutionOrderSort (0ms)
			DisableScriptedObjects (79ms)
			BackupInstance (0ms)
			ReleaseScriptingObjects (0ms)
			CreateAndSetChildDomain (440ms)
		EndReloadAssembly (2309ms)
			LoadAssemblies (499ms)
			RebuildTransferFunctionScriptingTraits (0ms)
			SetupTypeCache (805ms)
			ReleaseScriptCaches (3ms)
			RebuildScriptCaches (103ms)
			SetupLoadedEditorAssemblies (1013ms)
				LogAssemblyErrors (0ms)
				InitializePlatformSupportModulesInManaged (61ms)
				SetLoadedEditorAssemblies (3ms)
				RefreshPlugins (2ms)
				BeforeProcessingInitializeOnLoad (162ms)
				ProcessInitializeOnLoadAttributes (636ms)
				ProcessInitializeOnLoadMethodAttributes (119ms)
				AfterProcessingInitializeOnLoad (28ms)
				EditorAssembliesLoaded (2ms)
			ExecutionOrderSort2 (0ms)
			AwakeInstancesAfterBackupRestoration (46ms)
Platform modules already initialized, skipping
Shader 'RealCar/RealCarGlass': fallback shader 'Transparent' not found
Refreshing native plugins compatible for Editor in 13.11 ms, found 3 plugins.
Preloading 0 native plugins for Editor in 0.00 ms.
Unloading 3410 Unused Serialized files (Serialized files now loaded: 0)
Unloading 22 unused Assets / (80.1 KB). Loaded Objects now: 3931.
Memory consumption went from 127.3 MB to 127.2 MB.
Total: 35.727900 ms (FindLiveObjects: 1.868000 ms CreateObjectMapping: 0.791400 ms MarkObjects: 30.592700 ms  DeleteObjects: 2.472300 ms)

AssetImportParameters requested are different than current active one (requested -> active):
  custom:video-decoder-ogg-theora: a1e56fd34408186e4bbccfd4996cb3dc -> 
  custom:container-muxer-webm: aa71ff27fc2769a1b78a27578f13a17b -> 
  custom:container-demuxer-webm: 4f35f7cbe854078d1ac9338744f61a02 -> 
  custom:video-encoder-webm-vp8: eb34c28f22e8b96e1ab97ce403110664 -> 
  custom:audio-encoder-webm-vorbis: bf7c407c2cedff20999df2af8eb42d56 -> 
  custom:framework-win-MediaFoundation: 216162199b28c13a410421893ffa2e32 -> 
  custom:container-demuxer-ogg: 62fdf1f143b41e24485cea50d1cbac27 -> 
  custom:video-decoder-webm-vp8: 9c59270c3fd7afecdb556c50c9e8de78 -> 
  custom:audio-decoder-ogg-vorbis: bf7c407c2cedff20999df2af8eb42d56 -> 
========================================================================
Received Import Request.
  Time since last request: 4621.966273 seconds.
  path: Assets/Car/Favoured Cars Pack - Low Poly (FREE)/Prefab/Car_4_Free.prefab
  artifactKey: Guid(25b7b73499ac36c4d99262690f2d1f9c) Importer(815301076,1909f56bfc062723c751e8b465ee728b)
Start importing Assets/Car/Favoured Cars Pack - Low Poly (FREE)/Prefab/Car_4_Free.prefab using Guid(25b7b73499ac36c4d99262690f2d1f9c) Importer(815301076,1909f56bfc062723c751e8b465ee728b)  -> (artifact id: '88bdc7c9fd388e902a7032143c9d698a') in 1.253051 seconds 
========================================================================
Received Import Request.
  Time since last request: 8.878506 seconds.
  path: Assets/Car/Favoured Cars Pack - Low Poly (FREE)/Prefab/Car_4_Free.prefab
  artifactKey: Guid(25b7b73499ac36c4d99262690f2d1f9c) Importer(815301076,1909f56bfc062723c751e8b465ee728b)
Start importing Assets/Car/Favoured Cars Pack - Low Poly (FREE)/Prefab/Car_4_Free.prefab using Guid(25b7b73499ac36c4d99262690f2d1f9c) Importer(815301076,1909f56bfc062723c751e8b465ee728b)  -> (artifact id: 'b723d41258d0cc574ae05c4f6fb43180') in 0.605050 seconds 
========================================================================
Received Import Request.
  Time since last request: 15.401058 seconds.
  path: Assets/Car/Favoured Cars Pack - Low Poly (FREE)/Prefab/Car_4_Free.prefab
  artifactKey: Guid(25b7b73499ac36c4d99262690f2d1f9c) Importer(815301076,1909f56bfc062723c751e8b465ee728b)
Start importing Assets/Car/Favoured Cars Pack - Low Poly (FREE)/Prefab/Car_4_Free.prefab using Guid(25b7b73499ac36c4d99262690f2d1f9c) Importer(815301076,1909f56bfc062723c751e8b465ee728b)  -> (artifact id: '692f52c9370bbce285b3880b67cf18d9') in 1.065919 seconds 
========================================================================
Received Prepare
Registering precompiled user dll's ...
Registered in 0.016873 seconds.
Begin MonoManager ReloadAssembly
Symbol file LoadedFromMemory doesn't match image C:\Users\ykpon\Desktop\Unity\Fly-out\Fly out\Library\PackageCache\com.unity.visualscripting@1.7.8\Editor\VisualScripting.Core\Dependencies\YamlDotNet\Unity.VisualScripting.YamlDotNet.dll
Symbol file LoadedFromMemory doesn't match image C:\Users\ykpon\Desktop\Unity\Fly-out\Fly out\Library\PackageCache\com.unity.visualscripting@1.7.8\Editor\VisualScripting.Core\Dependencies\DotNetZip\Unity.VisualScripting.IonicZip.dll
Native extension for WindowsStandalone target not found
Native extension for Android target not found
Native extension for WebGL target not found
Refreshing native plugins compatible for Editor in 2.49 ms, found 3 plugins.
Preloading 0 native plugins for Editor in 0.00 ms.
Mono: successfully reloaded assembly
- Completed reload, in  2.148 seconds
Domain Reload Profiling:
	ReloadAssembly (2150ms)
		BeginReloadAssembly (282ms)
			ExecutionOrderSort (0ms)
			DisableScriptedObjects (10ms)
			BackupInstance (0ms)
			ReleaseScriptingObjects (0ms)
			CreateAndSetChildDomain (76ms)
		EndReloadAssembly (1663ms)
			LoadAssemblies (200ms)
			RebuildTransferFunctionScriptingTraits (0ms)
			SetupTypeCache (567ms)
			ReleaseScriptCaches (2ms)
			RebuildScriptCaches (93ms)
			SetupLoadedEditorAssemblies (734ms)
				LogAssemblyErrors (0ms)
				InitializePlatformSupportModulesInManaged (43ms)
				SetLoadedEditorAssemblies (3ms)
				RefreshPlugins (3ms)
				BeforeProcessingInitializeOnLoad (149ms)
				ProcessInitializeOnLoadAttributes (460ms)
				ProcessInitializeOnLoadMethodAttributes (58ms)
				AfterProcessingInitializeOnLoad (18ms)
				EditorAssembliesLoaded (0ms)
			ExecutionOrderSort2 (0ms)
			AwakeInstancesAfterBackupRestoration (11ms)
Platform modules already initialized, skipping
Shader 'RealCar/RealCarGlass': fallback shader 'Transparent' not found
Refreshing native plugins compatible for Editor in 4.24 ms, found 3 plugins.
Preloading 0 native plugins for Editor in 0.00 ms.
Unloading 3410 Unused Serialized files (Serialized files now loaded: 0)
Unloading 22 unused Assets / (80.1 KB). Loaded Objects now: 3934.
Memory consumption went from 127.3 MB to 127.2 MB.
Total: 10.149300 ms (FindLiveObjects: 0.696500 ms CreateObjectMapping: 0.199400 ms MarkObjects: 9.067400 ms  DeleteObjects: 0.183600 ms)

AssetImportParameters requested are different than current active one (requested -> active):
  custom:video-decoder-ogg-theora: a1e56fd34408186e4bbccfd4996cb3dc -> 
  custom:container-muxer-webm: aa71ff27fc2769a1b78a27578f13a17b -> 
  custom:container-demuxer-webm: 4f35f7cbe854078d1ac9338744f61a02 -> 
  custom:video-encoder-webm-vp8: eb34c28f22e8b96e1ab97ce403110664 -> 
  custom:audio-encoder-webm-vorbis: bf7c407c2cedff20999df2af8eb42d56 -> 
  custom:framework-win-MediaFoundation: 216162199b28c13a410421893ffa2e32 -> 
  custom:container-demuxer-ogg: 62fdf1f143b41e24485cea50d1cbac27 -> 
  custom:video-decoder-webm-vp8: 9c59270c3fd7afecdb556c50c9e8de78 -> 
  custom:audio-decoder-ogg-vorbis: bf7c407c2cedff20999df2af8eb42d56 -> 
========================================================================
Received Import Request.
  Time since last request: 99.813998 seconds.
  path: Assets/Car/Favoured Cars Pack - Low Poly (FREE)/Prefab/Car_4_Free.prefab
  artifactKey: Guid(25b7b73499ac36c4d99262690f2d1f9c) Importer(815301076,1909f56bfc062723c751e8b465ee728b)
Start importing Assets/Car/Favoured Cars Pack - Low Poly (FREE)/Prefab/Car_4_Free.prefab using Guid(25b7b73499ac36c4d99262690f2d1f9c) Importer(815301076,1909f56bfc062723c751e8b465ee728b)  -> (artifact id: '954efc8f645cba4e439149c7608dc559') in 0.987169 seconds 
========================================================================
Received Prepare
Registering precompiled user dll's ...
Registered in 0.012188 seconds.
Begin MonoManager ReloadAssembly
Symbol file LoadedFromMemory doesn't match image C:\Users\ykpon\Desktop\Unity\Fly-out\Fly out\Library\PackageCache\com.unity.visualscripting@1.7.8\Editor\VisualScripting.Core\Dependencies\YamlDotNet\Unity.VisualScripting.YamlDotNet.dll
Symbol file LoadedFromMemory doesn't match image C:\Users\ykpon\Desktop\Unity\Fly-out\Fly out\Library\PackageCache\com.unity.visualscripting@1.7.8\Editor\VisualScripting.Core\Dependencies\DotNetZip\Unity.VisualScripting.IonicZip.dll
Native extension for WindowsStandalone target not found
Native extension for Android target not found
Native extension for WebGL target not found
Refreshing native plugins compatible for Editor in 2.98 ms, found 3 plugins.
Preloading 0 native plugins for Editor in 0.00 ms.
Mono: successfully reloaded assembly
- Completed reload, in  2.753 seconds
Domain Reload Profiling:
	ReloadAssembly (2756ms)
		BeginReloadAssembly (355ms)
			ExecutionOrderSort (0ms)
			DisableScriptedObjects (14ms)
			BackupInstance (0ms)
			ReleaseScriptingObjects (0ms)
			CreateAndSetChildDomain (97ms)
		EndReloadAssembly (2130ms)
			LoadAssemblies (233ms)
			RebuildTransferFunctionScriptingTraits (0ms)
			SetupTypeCache (717ms)
			ReleaseScriptCaches (22ms)
			RebuildScriptCaches (115ms)
			SetupLoadedEditorAssemblies (958ms)
				LogAssemblyErrors (0ms)
				InitializePlatformSupportModulesInManaged (63ms)
				SetLoadedEditorAssemblies (1ms)
				RefreshPlugins (3ms)
				BeforeProcessingInitializeOnLoad (180ms)
				ProcessInitializeOnLoadAttributes (626ms)
				ProcessInitializeOnLoadMethodAttributes (63ms)
				AfterProcessingInitializeOnLoad (22ms)
				EditorAssembliesLoaded (0ms)
			ExecutionOrderSort2 (0ms)
			AwakeInstancesAfterBackupRestoration (20ms)
Platform modules already initialized, skipping
Shader 'RealCar/RealCarGlass': fallback shader 'Transparent' not found
Refreshing native plugins compatible for Editor in 4.26 ms, found 3 plugins.
Preloading 0 native plugins for Editor in 0.00 ms.
Unloading 3410 Unused Serialized files (Serialized files now loaded: 0)
Unloading 22 unused Assets / (80.1 KB). Loaded Objects now: 3937.
Memory consumption went from 127.2 MB to 127.1 MB.
Total: 7.059900 ms (FindLiveObjects: 0.875900 ms CreateObjectMapping: 0.263300 ms MarkObjects: 5.708200 ms  DeleteObjects: 0.210100 ms)

AssetImportParameters requested are different than current active one (requested -> active):
  custom:video-decoder-ogg-theora: a1e56fd34408186e4bbccfd4996cb3dc -> 
  custom:container-muxer-webm: aa71ff27fc2769a1b78a27578f13a17b -> 
  custom:container-demuxer-webm: 4f35f7cbe854078d1ac9338744f61a02 -> 
  custom:video-encoder-webm-vp8: eb34c28f22e8b96e1ab97ce403110664 -> 
  custom:audio-encoder-webm-vorbis: bf7c407c2cedff20999df2af8eb42d56 -> 
  custom:framework-win-MediaFoundation: 216162199b28c13a410421893ffa2e32 -> 
  custom:container-demuxer-ogg: 62fdf1f143b41e24485cea50d1cbac27 -> 
  custom:video-decoder-webm-vp8: 9c59270c3fd7afecdb556c50c9e8de78 -> 
  custom:audio-decoder-ogg-vorbis: bf7c407c2cedff20999df2af8eb42d56 -> 
========================================================================
Received Import Request.
  Time since last request: 121.622138 seconds.
  path: Assets/Car/Favoured Cars Pack - Low Poly (FREE)/Prefab/Car_3_Free.prefab
  artifactKey: Guid(41d9dd3b8b783f14d902e7b6c4f73ec6) Importer(815301076,1909f56bfc062723c751e8b465ee728b)
Start importing Assets/Car/Favoured Cars Pack - Low Poly (FREE)/Prefab/Car_3_Free.prefab using Guid(41d9dd3b8b783f14d902e7b6c4f73ec6) Importer(815301076,1909f56bfc062723c751e8b465ee728b)  -> (artifact id: 'ed3187e99b0c6c266276a8751dfe30d1') in 1.036570 seconds 
========================================================================
Received Import Request.
  Time since last request: 2.577083 seconds.
  path: Assets/Car/Favoured Cars Pack - Low Poly (FREE)/Prefab/Car_4_Free.prefab
  artifactKey: Guid(25b7b73499ac36c4d99262690f2d1f9c) Importer(815301076,1909f56bfc062723c751e8b465ee728b)
Start importing Assets/Car/Favoured Cars Pack - Low Poly (FREE)/Prefab/Car_4_Free.prefab using Guid(25b7b73499ac36c4d99262690f2d1f9c) Importer(815301076,1909f56bfc062723c751e8b465ee728b)  -> (artifact id: 'd7f5270df42413ff30e8993f11a5fd02') in 0.623760 seconds 
========================================================================
Received Import Request.
  Time since last request: 3.242274 seconds.
  path: Assets/Car/Favoured Cars Pack - Low Poly (FREE)/Prefab/Car_2_Free.prefab
  artifactKey: Guid(4080e309b46c81b46a9129ff6ba9e280) Importer(815301076,1909f56bfc062723c751e8b465ee728b)
Start importing Assets/Car/Favoured Cars Pack - Low Poly (FREE)/Prefab/Car_2_Free.prefab using Guid(4080e309b46c81b46a9129ff6ba9e280) Importer(815301076,1909f56bfc062723c751e8b465ee728b)  -> (artifact id: '3abbccc207e44ea093dd6a4aa3ff5912') in 0.797417 seconds 
========================================================================
Received Import Request.
  Time since last request: 7.961198 seconds.
  path: Assets/Car/LowPolyVehicle2/Prefabs/vehicle2-blue.prefab
  artifactKey: Guid(b9520086e6044ec428e7142211bb0ef7) Importer(815301076,1909f56bfc062723c751e8b465ee728b)
Start importing Assets/Car/LowPolyVehicle2/Prefabs/vehicle2-blue.prefab using Guid(b9520086e6044ec428e7142211bb0ef7) Importer(815301076,1909f56bfc062723c751e8b465ee728b)  -> (artifact id: 'b49c576fbe94a2cb7ffa696197b9b9d6') in 0.033930 seconds 
========================================================================
Received Import Request.
  Time since last request: 1037.287789 seconds.
  path: Assets/Car/Low Poly Soviet Car Pack/Prefabs/gz21/gz21_black.prefab
  artifactKey: Guid(e688bed69d182694cb389c0059670a0c) Importer(815301076,1909f56bfc062723c751e8b465ee728b)
Start importing Assets/Car/Low Poly Soviet Car Pack/Prefabs/gz21/gz21_black.prefab using Guid(e688bed69d182694cb389c0059670a0c) Importer(815301076,1909f56bfc062723c751e8b465ee728b)  -> (artifact id: '069d14ecbe77af7d7c45b9af884624e6') in 0.089875 seconds 
========================================================================
Received Prepare
Registering precompiled user dll's ...
Registered in 0.016479 seconds.
Begin MonoManager ReloadAssembly
Symbol file LoadedFromMemory doesn't match image C:\Users\ykpon\Desktop\Unity\Fly-out\Fly out\Library\PackageCache\com.unity.visualscripting@1.7.8\Editor\VisualScripting.Core\Dependencies\YamlDotNet\Unity.VisualScripting.YamlDotNet.dll
Symbol file LoadedFromMemory doesn't match image C:\Users\ykpon\Desktop\Unity\Fly-out\Fly out\Library\PackageCache\com.unity.visualscripting@1.7.8\Editor\VisualScripting.Core\Dependencies\DotNetZip\Unity.VisualScripting.IonicZip.dll
Native extension for WindowsStandalone target not found
Native extension for Android target not found
Native extension for WebGL target not found
Refreshing native plugins compatible for Editor in 2.77 ms, found 3 plugins.
Preloading 0 native plugins for Editor in 0.00 ms.
Mono: successfully reloaded assembly
- Completed reload, in  3.613 seconds
Domain Reload Profiling:
	ReloadAssembly (3615ms)
		BeginReloadAssembly (452ms)
			ExecutionOrderSort (0ms)
			DisableScriptedObjects (15ms)
			BackupInstance (0ms)
			ReleaseScriptingObjects (0ms)
			CreateAndSetChildDomain (118ms)
		EndReloadAssembly (2766ms)
			LoadAssemblies (320ms)
			RebuildTransferFunctionScriptingTraits (0ms)
			SetupTypeCache (1256ms)
			ReleaseScriptCaches (3ms)
			RebuildScriptCaches (107ms)
			SetupLoadedEditorAssemblies (994ms)
				LogAssemblyErrors (0ms)
				InitializePlatformSupportModulesInManaged (74ms)
				SetLoadedEditorAssemblies (2ms)
				RefreshPlugins (3ms)
				BeforeProcessingInitializeOnLoad (204ms)
				ProcessInitializeOnLoadAttributes (607ms)
				ProcessInitializeOnLoadMethodAttributes (82ms)
				AfterProcessingInitializeOnLoad (22ms)
				EditorAssembliesLoaded (0ms)
			ExecutionOrderSort2 (0ms)
			AwakeInstancesAfterBackupRestoration (24ms)
Platform modules already initialized, skipping
Shader 'RealCar/RealCarGlass': fallback shader 'Transparent' not found
Refreshing native plugins compatible for Editor in 6.28 ms, found 3 plugins.
Preloading 0 native plugins for Editor in 0.00 ms.
Unloading 3410 Unused Serialized files (Serialized files now loaded: 0)
Unloading 22 unused Assets / (80.1 KB). Loaded Objects now: 3940.
Memory consumption went from 127.4 MB to 127.3 MB.
Total: 10.381600 ms (FindLiveObjects: 0.745500 ms CreateObjectMapping: 0.258200 ms MarkObjects: 9.151400 ms  DeleteObjects: 0.224000 ms)

AssetImportParameters requested are different than current active one (requested -> active):
  custom:video-decoder-ogg-theora: a1e56fd34408186e4bbccfd4996cb3dc -> 
  custom:container-muxer-webm: aa71ff27fc2769a1b78a27578f13a17b -> 
  custom:container-demuxer-webm: 4f35f7cbe854078d1ac9338744f61a02 -> 
  custom:video-encoder-webm-vp8: eb34c28f22e8b96e1ab97ce403110664 -> 
  custom:audio-encoder-webm-vorbis: bf7c407c2cedff20999df2af8eb42d56 -> 
  custom:framework-win-MediaFoundation: 216162199b28c13a410421893ffa2e32 -> 
  custom:container-demuxer-ogg: 62fdf1f143b41e24485cea50d1cbac27 -> 
  custom:video-decoder-webm-vp8: 9c59270c3fd7afecdb556c50c9e8de78 -> 
  custom:audio-decoder-ogg-vorbis: bf7c407c2cedff20999df2af8eb42d56 -> 
========================================================================
Received Import Request.
  Time since last request: 78.248020 seconds.
  path: Assets/Car/Low Poly Soviet Car Pack/Prefabs/gz24/gz24_black.prefab
  artifactKey: Guid(46061d83d9ec9e74f948ce797eb4cd10) Importer(815301076,1909f56bfc062723c751e8b465ee728b)
Start importing Assets/Car/Low Poly Soviet Car Pack/Prefabs/gz24/gz24_black.prefab using Guid(46061d83d9ec9e74f948ce797eb4cd10) Importer(815301076,1909f56bfc062723c751e8b465ee728b)  -> (artifact id: '57f9ae02011e0d4a9744ac86f41341b8') in 0.470359 seconds 
========================================================================
Received Import Request.
  Time since last request: 9.451991 seconds.
  path: Assets/Car/Low Poly Soviet Car Pack/Prefabs/gz24/gz24_black.prefab
  artifactKey: Guid(46061d83d9ec9e74f948ce797eb4cd10) Importer(815301076,1909f56bfc062723c751e8b465ee728b)
Start importing Assets/Car/Low Poly Soviet Car Pack/Prefabs/gz24/gz24_black.prefab using Guid(46061d83d9ec9e74f948ce797eb4cd10) Importer(815301076,1909f56bfc062723c751e8b465ee728b)  -> (artifact id: '21825df629a8836eb4beaf77060b1979') in 0.067081 seconds 
========================================================================
Received Import Request.
  Time since last request: 0.672138 seconds.
  path: Assets/Car/Low Poly Soviet Car Pack/Prefabs/gz24/gz24_black.prefab
  artifactKey: Guid(46061d83d9ec9e74f948ce797eb4cd10) Importer(815301076,1909f56bfc062723c751e8b465ee728b)
Start importing Assets/Car/Low Poly Soviet Car Pack/Prefabs/gz24/gz24_black.prefab using Guid(46061d83d9ec9e74f948ce797eb4cd10) Importer(815301076,1909f56bfc062723c751e8b465ee728b)  -> (artifact id: 'cadaeb2c09b272b28be5db782bb5f4b8') in 0.054342 seconds 
========================================================================
Received Import Request.
  Time since last request: 2.341355 seconds.
  path: Assets/Car/Low Poly Soviet Car Pack/Prefabs/gz24/gz24_black.prefab
  artifactKey: Guid(46061d83d9ec9e74f948ce797eb4cd10) Importer(815301076,1909f56bfc062723c751e8b465ee728b)
Start importing Assets/Car/Low Poly Soviet Car Pack/Prefabs/gz24/gz24_black.prefab using Guid(46061d83d9ec9e74f948ce797eb4cd10) Importer(815301076,1909f56bfc062723c751e8b465ee728b)  -> (artifact id: 'c59abd9dff0e4279318eaa28e115be0d') in 0.054801 seconds 
========================================================================
Received Import Request.
  Time since last request: 16.916901 seconds.
  path: Assets/Car/Low Poly Soviet Car Pack/Prefabs/gz21/gz21_black.prefab
  artifactKey: Guid(e688bed69d182694cb389c0059670a0c) Importer(815301076,1909f56bfc062723c751e8b465ee728b)
Start importing Assets/Car/Low Poly Soviet Car Pack/Prefabs/gz21/gz21_black.prefab using Guid(e688bed69d182694cb389c0059670a0c) Importer(815301076,1909f56bfc062723c751e8b465ee728b)  -> (artifact id: 'a348d9fb4ff0c0f0aaaddbf60b289d16') in 0.081983 seconds 
========================================================================
Received Prepare
Registering precompiled user dll's ...
Registered in 0.013739 seconds.
Begin MonoManager ReloadAssembly
Symbol file LoadedFromMemory doesn't match image C:\Users\ykpon\Desktop\Unity\Fly-out\Fly out\Library\PackageCache\com.unity.visualscripting@1.7.8\Editor\VisualScripting.Core\Dependencies\YamlDotNet\Unity.VisualScripting.YamlDotNet.dll
Symbol file LoadedFromMemory doesn't match image C:\Users\ykpon\Desktop\Unity\Fly-out\Fly out\Library\PackageCache\com.unity.visualscripting@1.7.8\Editor\VisualScripting.Core\Dependencies\DotNetZip\Unity.VisualScripting.IonicZip.dll
Native extension for WindowsStandalone target not found
Native extension for Android target not found
Native extension for WebGL target not found
Refreshing native plugins compatible for Editor in 1.97 ms, found 3 plugins.
Preloading 0 native plugins for Editor in 0.00 ms.
Mono: successfully reloaded assembly
- Completed reload, in  2.678 seconds
Domain Reload Profiling:
	ReloadAssembly (2680ms)
		BeginReloadAssembly (358ms)
			ExecutionOrderSort (0ms)
			DisableScriptedObjects (16ms)
			BackupInstance (0ms)
			ReleaseScriptingObjects (0ms)
			CreateAndSetChildDomain (94ms)
		EndReloadAssembly (2041ms)
			LoadAssemblies (240ms)
			RebuildTransferFunctionScriptingTraits (0ms)
			SetupTypeCache (734ms)
			ReleaseScriptCaches (3ms)
			RebuildScriptCaches (104ms)
			SetupLoadedEditorAssemblies (899ms)
				LogAssemblyErrors (0ms)
				InitializePlatformSupportModulesInManaged (62ms)
				SetLoadedEditorAssemblies (1ms)
				RefreshPlugins (2ms)
				BeforeProcessingInitializeOnLoad (176ms)
				ProcessInitializeOnLoadAttributes (571ms)
				ProcessInitializeOnLoadMethodAttributes (67ms)
				AfterProcessingInitializeOnLoad (20ms)
				EditorAssembliesLoaded (0ms)
			ExecutionOrderSort2 (0ms)
			AwakeInstancesAfterBackupRestoration (12ms)
Platform modules already initialized, skipping
Shader 'RealCar/RealCarGlass': fallback shader 'Transparent' not found
Refreshing native plugins compatible for Editor in 9.70 ms, found 3 plugins.
Preloading 0 native plugins for Editor in 0.00 ms.
Unloading 3410 Unused Serialized files (Serialized files now loaded: 0)
Unloading 22 unused Assets / (80.1 KB). Loaded Objects now: 3943.
Memory consumption went from 127.4 MB to 127.3 MB.
Total: 9.206400 ms (FindLiveObjects: 0.777600 ms CreateObjectMapping: 0.203700 ms MarkObjects: 7.810700 ms  DeleteObjects: 0.412100 ms)

AssetImportParameters requested are different than current active one (requested -> active):
  custom:video-decoder-ogg-theora: a1e56fd34408186e4bbccfd4996cb3dc -> 
  custom:container-muxer-webm: aa71ff27fc2769a1b78a27578f13a17b -> 
  custom:container-demuxer-webm: 4f35f7cbe854078d1ac9338744f61a02 -> 
  custom:video-encoder-webm-vp8: eb34c28f22e8b96e1ab97ce403110664 -> 
  custom:audio-encoder-webm-vorbis: bf7c407c2cedff20999df2af8eb42d56 -> 
  custom:framework-win-MediaFoundation: 216162199b28c13a410421893ffa2e32 -> 
  custom:container-demuxer-ogg: 62fdf1f143b41e24485cea50d1cbac27 -> 
  custom:video-decoder-webm-vp8: 9c59270c3fd7afecdb556c50c9e8de78 -> 
  custom:audio-decoder-ogg-vorbis: bf7c407c2cedff20999df2af8eb42d56 -> 
========================================================================
Received Import Request.
  Time since last request: 113.750441 seconds.
  path: Assets/Car/Low Poly Soviet Car Pack/Prefabs/gz24/gz24_black.prefab
  artifactKey: Guid(46061d83d9ec9e74f948ce797eb4cd10) Importer(815301076,1909f56bfc062723c751e8b465ee728b)
Start importing Assets/Car/Low Poly Soviet Car Pack/Prefabs/gz24/gz24_black.prefab using Guid(46061d83d9ec9e74f948ce797eb4cd10) Importer(815301076,1909f56bfc062723c751e8b465ee728b)  -> (artifact id: 'db771b889d52f5342691a54365c4b8de') in 0.278663 seconds 
========================================================================
Received Prepare
Registering precompiled user dll's ...
Registered in 0.012165 seconds.
Begin MonoManager ReloadAssembly
Symbol file LoadedFromMemory doesn't match image C:\Users\ykpon\Desktop\Unity\Fly-out\Fly out\Library\PackageCache\com.unity.visualscripting@1.7.8\Editor\VisualScripting.Core\Dependencies\YamlDotNet\Unity.VisualScripting.YamlDotNet.dll
Symbol file LoadedFromMemory doesn't match image C:\Users\ykpon\Desktop\Unity\Fly-out\Fly out\Library\PackageCache\com.unity.visualscripting@1.7.8\Editor\VisualScripting.Core\Dependencies\DotNetZip\Unity.VisualScripting.IonicZip.dll
Native extension for WindowsStandalone target not found
Native extension for Android target not found
Native extension for WebGL target not found
Refreshing native plugins compatible for Editor in 2.10 ms, found 3 plugins.
Preloading 0 native plugins for Editor in 0.00 ms.
Mono: successfully reloaded assembly
- Completed reload, in  2.612 seconds
Domain Reload Profiling:
	ReloadAssembly (2613ms)
		BeginReloadAssembly (336ms)
			ExecutionOrderSort (0ms)
			DisableScriptedObjects (13ms)
			BackupInstance (0ms)
			ReleaseScriptingObjects (0ms)
			CreateAndSetChildDomain (87ms)
		EndReloadAssembly (2015ms)
			LoadAssemblies (240ms)
			RebuildTransferFunctionScriptingTraits (0ms)
			SetupTypeCache (709ms)
			ReleaseScriptCaches (3ms)
			RebuildScriptCaches (117ms)
			SetupLoadedEditorAssemblies (858ms)
				LogAssemblyErrors (0ms)
				InitializePlatformSupportModulesInManaged (72ms)
				SetLoadedEditorAssemblies (1ms)
				RefreshPlugins (2ms)
				BeforeProcessingInitializeOnLoad (166ms)
				ProcessInitializeOnLoadAttributes (522ms)
				ProcessInitializeOnLoadMethodAttributes (75ms)
				AfterProcessingInitializeOnLoad (19ms)
				EditorAssembliesLoaded (1ms)
			ExecutionOrderSort2 (0ms)
			AwakeInstancesAfterBackupRestoration (27ms)
Platform modules already initialized, skipping
Shader 'RealCar/RealCarGlass': fallback shader 'Transparent' not found
Refreshing native plugins compatible for Editor in 6.20 ms, found 3 plugins.
Preloading 0 native plugins for Editor in 0.00 ms.
Unloading 3410 Unused Serialized files (Serialized files now loaded: 0)
Unloading 22 unused Assets / (80.1 KB). Loaded Objects now: 3946.
Memory consumption went from 127.3 MB to 127.2 MB.
Total: 9.663100 ms (FindLiveObjects: 0.776800 ms CreateObjectMapping: 0.269700 ms MarkObjects: 8.408800 ms  DeleteObjects: 0.205500 ms)

AssetImportParameters requested are different than current active one (requested -> active):
  custom:video-decoder-ogg-theora: a1e56fd34408186e4bbccfd4996cb3dc -> 
  custom:container-muxer-webm: aa71ff27fc2769a1b78a27578f13a17b -> 
  custom:container-demuxer-webm: 4f35f7cbe854078d1ac9338744f61a02 -> 
  custom:video-encoder-webm-vp8: eb34c28f22e8b96e1ab97ce403110664 -> 
  custom:audio-encoder-webm-vorbis: bf7c407c2cedff20999df2af8eb42d56 -> 
  custom:framework-win-MediaFoundation: 216162199b28c13a410421893ffa2e32 -> 
  custom:container-demuxer-ogg: 62fdf1f143b41e24485cea50d1cbac27 -> 
  custom:video-decoder-webm-vp8: 9c59270c3fd7afecdb556c50c9e8de78 -> 
  custom:audio-decoder-ogg-vorbis: bf7c407c2cedff20999df2af8eb42d56 -> 
========================================================================
Received Import Request.
  Time since last request: 92.355358 seconds.
  path: Assets/Car/Low Poly Soviet Car Pack/Prefabs/gz21/gz21_black.prefab
  artifactKey: Guid(e688bed69d182694cb389c0059670a0c) Importer(815301076,1909f56bfc062723c751e8b465ee728b)
Start importing Assets/Car/Low Poly Soviet Car Pack/Prefabs/gz21/gz21_black.prefab using Guid(e688bed69d182694cb389c0059670a0c) Importer(815301076,1909f56bfc062723c751e8b465ee728b)  -> (artifact id: '91538c4618a85ccff62ea370674a9538') in 0.288428 seconds 
========================================================================
Received Import Request.
  Time since last request: 4.526484 seconds.
  path: Assets/Car/Low Poly Soviet Car Pack/Prefabs/gz21/gz21_black.prefab
  artifactKey: Guid(e688bed69d182694cb389c0059670a0c) Importer(815301076,1909f56bfc062723c751e8b465ee728b)
Start importing Assets/Car/Low Poly Soviet Car Pack/Prefabs/gz21/gz21_black.prefab using Guid(e688bed69d182694cb389c0059670a0c) Importer(815301076,1909f56bfc062723c751e8b465ee728b)  -> (artifact id: '619b6b0d00f7463191d3599ca29bcbd7') in 0.038660 seconds 
========================================================================
Received Import Request.
  Time since last request: 7.718276 seconds.
  path: Assets/Car/Low Poly Soviet Car Pack/Prefabs/gz21/gz21_black.prefab
  artifactKey: Guid(e688bed69d182694cb389c0059670a0c) Importer(815301076,1909f56bfc062723c751e8b465ee728b)
Start importing Assets/Car/Low Poly Soviet Car Pack/Prefabs/gz21/gz21_black.prefab using Guid(e688bed69d182694cb389c0059670a0c) Importer(815301076,1909f56bfc062723c751e8b465ee728b)  -> (artifact id: '2f595f58af89738ed11ef15a65900bbb') in 0.047726 seconds 
========================================================================
Received Prepare
Registering precompiled user dll's ...
Registered in 0.014362 seconds.
Begin MonoManager ReloadAssembly
Symbol file LoadedFromMemory doesn't match image C:\Users\ykpon\Desktop\Unity\Fly-out\Fly out\Library\PackageCache\com.unity.visualscripting@1.7.8\Editor\VisualScripting.Core\Dependencies\YamlDotNet\Unity.VisualScripting.YamlDotNet.dll
Symbol file LoadedFromMemory doesn't match image C:\Users\ykpon\Desktop\Unity\Fly-out\Fly out\Library\PackageCache\com.unity.visualscripting@1.7.8\Editor\VisualScripting.Core\Dependencies\DotNetZip\Unity.VisualScripting.IonicZip.dll
Native extension for WindowsStandalone target not found
Native extension for Android target not found
Native extension for WebGL target not found
Refreshing native plugins compatible for Editor in 2.27 ms, found 3 plugins.
Preloading 0 native plugins for Editor in 0.00 ms.
Mono: successfully reloaded assembly
- Completed reload, in  2.796 seconds
Domain Reload Profiling:
	ReloadAssembly (2799ms)
		BeginReloadAssembly (362ms)
			ExecutionOrderSort (0ms)
			DisableScriptedObjects (14ms)
			BackupInstance (0ms)
			ReleaseScriptingObjects (0ms)
			CreateAndSetChildDomain (96ms)
		EndReloadAssembly (2179ms)
			LoadAssemblies (257ms)
			RebuildTransferFunctionScriptingTraits (0ms)
			SetupTypeCache (713ms)
			ReleaseScriptCaches (3ms)
			RebuildScriptCaches (106ms)
			SetupLoadedEditorAssemblies (986ms)
				LogAssemblyErrors (0ms)
				InitializePlatformSupportModulesInManaged (68ms)
				SetLoadedEditorAssemblies (2ms)
				RefreshPlugins (2ms)
				BeforeProcessingInitializeOnLoad (193ms)
				ProcessInitializeOnLoadAttributes (614ms)
				ProcessInitializeOnLoadMethodAttributes (87ms)
				AfterProcessingInitializeOnLoad (19ms)
				EditorAssembliesLoaded (1ms)
			ExecutionOrderSort2 (0ms)
			AwakeInstancesAfterBackupRestoration (16ms)
Platform modules already initialized, skipping
Shader 'RealCar/RealCarGlass': fallback shader 'Transparent' not found
Refreshing native plugins compatible for Editor in 5.08 ms, found 3 plugins.
Preloading 0 native plugins for Editor in 0.00 ms.
Unloading 3410 Unused Serialized files (Serialized files now loaded: 0)
Unloading 22 unused Assets / (80.1 KB). Loaded Objects now: 3949.
Memory consumption went from 127.4 MB to 127.3 MB.
Total: 11.345800 ms (FindLiveObjects: 1.789300 ms CreateObjectMapping: 1.091000 ms MarkObjects: 8.174100 ms  DeleteObjects: 0.288900 ms)

AssetImportParameters requested are different than current active one (requested -> active):
  custom:video-decoder-ogg-theora: a1e56fd34408186e4bbccfd4996cb3dc -> 
  custom:container-muxer-webm: aa71ff27fc2769a1b78a27578f13a17b -> 
  custom:container-demuxer-webm: 4f35f7cbe854078d1ac9338744f61a02 -> 
  custom:video-encoder-webm-vp8: eb34c28f22e8b96e1ab97ce403110664 -> 
  custom:audio-encoder-webm-vorbis: bf7c407c2cedff20999df2af8eb42d56 -> 
  custom:framework-win-MediaFoundation: 216162199b28c13a410421893ffa2e32 -> 
  custom:container-demuxer-ogg: 62fdf1f143b41e24485cea50d1cbac27 -> 
  custom:video-decoder-webm-vp8: 9c59270c3fd7afecdb556c50c9e8de78 -> 
  custom:audio-decoder-ogg-vorbis: bf7c407c2cedff20999df2af8eb42d56 -> 
========================================================================
Received Prepare
Registering precompiled user dll's ...
Registered in 0.022357 seconds.
Begin MonoManager ReloadAssembly
Symbol file LoadedFromMemory doesn't match image C:\Users\ykpon\Desktop\Unity\Fly-out\Fly out\Library\PackageCache\com.unity.visualscripting@1.7.8\Editor\VisualScripting.Core\Dependencies\YamlDotNet\Unity.VisualScripting.YamlDotNet.dll
Symbol file LoadedFromMemory doesn't match image C:\Users\ykpon\Desktop\Unity\Fly-out\Fly out\Library\PackageCache\com.unity.visualscripting@1.7.8\Editor\VisualScripting.Core\Dependencies\DotNetZip\Unity.VisualScripting.IonicZip.dll
Native extension for WindowsStandalone target not found
Native extension for Android target not found
Native extension for WebGL target not found
Refreshing native plugins compatible for Editor in 6.89 ms, found 3 plugins.
Preloading 0 native plugins for Editor in 0.00 ms.
Mono: successfully reloaded assembly
- Completed reload, in  4.898 seconds
Domain Reload Profiling:
	ReloadAssembly (4900ms)
		BeginReloadAssembly (447ms)
			ExecutionOrderSort (0ms)
			DisableScriptedObjects (17ms)
			BackupInstance (0ms)
			ReleaseScriptingObjects (0ms)
			CreateAndSetChildDomain (116ms)
		EndReloadAssembly (4080ms)
			LoadAssemblies (293ms)
			RebuildTransferFunctionScriptingTraits (0ms)
			SetupTypeCache (1141ms)
			ReleaseScriptCaches (3ms)
			RebuildScriptCaches (236ms)
			SetupLoadedEditorAssemblies (2053ms)
				LogAssemblyErrors (0ms)
				InitializePlatformSupportModulesInManaged (141ms)
				SetLoadedEditorAssemblies (2ms)
				RefreshPlugins (7ms)
				BeforeProcessingInitializeOnLoad (459ms)
				ProcessInitializeOnLoadAttributes (1263ms)
				ProcessInitializeOnLoadMethodAttributes (150ms)
				AfterProcessingInitializeOnLoad (30ms)
				EditorAssembliesLoaded (0ms)
			ExecutionOrderSort2 (0ms)
			AwakeInstancesAfterBackupRestoration (18ms)
Platform modules already initialized, skipping
Shader 'RealCar/RealCarGlass': fallback shader 'Transparent' not found
Refreshing native plugins compatible for Editor in 5.65 ms, found 3 plugins.
Preloading 0 native plugins for Editor in 0.00 ms.
Unloading 3410 Unused Serialized files (Serialized files now loaded: 0)
Unloading 22 unused Assets / (80.1 KB). Loaded Objects now: 3952.
Memory consumption went from 127.4 MB to 127.4 MB.
Total: 7.639300 ms (FindLiveObjects: 0.793900 ms CreateObjectMapping: 0.250900 ms MarkObjects: 6.336300 ms  DeleteObjects: 0.256100 ms)

AssetImportParameters requested are different than current active one (requested -> active):
  custom:video-decoder-ogg-theora: a1e56fd34408186e4bbccfd4996cb3dc -> 
  custom:container-muxer-webm: aa71ff27fc2769a1b78a27578f13a17b -> 
  custom:container-demuxer-webm: 4f35f7cbe854078d1ac9338744f61a02 -> 
  custom:video-encoder-webm-vp8: eb34c28f22e8b96e1ab97ce403110664 -> 
  custom:audio-encoder-webm-vorbis: bf7c407c2cedff20999df2af8eb42d56 -> 
  custom:framework-win-MediaFoundation: 216162199b28c13a410421893ffa2e32 -> 
  custom:container-demuxer-ogg: 62fdf1f143b41e24485cea50d1cbac27 -> 
  custom:video-decoder-webm-vp8: 9c59270c3fd7afecdb556c50c9e8de78 -> 
  custom:audio-decoder-ogg-vorbis: bf7c407c2cedff20999df2af8eb42d56 -> 
